AF_HQ_Zamanian_AF1_1_10_HQ_transcript/19329	Bm_v4_ChrX_scaffold_001	100.000	83	0	0	1	83	7291436	7291518	2.97e-36	154
AF_HQ_Zamanian_AF1_1_10_HQ_transcript/19329	Bm_v4_ChrX_scaffold_001	96.970	66	2	0	78	143	7291591	7291656	1.82e-23	111
AF_HQ_Zamanian_AF1_1_10_HQ_transcript/19329	Bm_v4_ChrX_scaffold_001	100.000	201	0	0	144	344	7291773	7291973	7.54e-102	372
AF_HQ_Zamanian_AF1_1_10_HQ_transcript/19329	Bm_v4_ChrX_scaffold_001	100.000	168	0	0	343	510	7292156	7292323	1.67e-83	311
AF_HQ_Zamanian_AF1_1_10_HQ_transcript/19329	Bm_v4_ChrX_scaffold_001	100.000	130	0	0	508	637	7292476	7292605	2.22e-62	241
AF_HQ_Zamanian_AF1_1_10_HQ_transcript/19329	Bm_v4_ChrX_scaffold_001	100.000	125	0	0	636	760	7292675	7292799	1.34e-59	231
AF_HQ_Zamanian_AF1_1_10_HQ_transcript/19329	Bm_v4_ChrX_scaffold_001	100.000	279	0	0	758	1036	7292897	7293175	3.29e-145	516
AF_HQ_Zamanian_AF1_1_10_HQ_transcript/19955	Bm_v4_ChrX_scaffold_001	100.000	126	0	0	1	126	7291021	7291146	4.26e-60	233
AF_HQ_Zamanian_AF1_1_10_HQ_transcript/19955	Bm_v4_ChrX_scaffold_001	100.000	106	0	0	127	232	7291413	7291518	5.59e-49	196
AF_HQ_Zamanian_AF1_1_10_HQ_transcript/19955	Bm_v4_ChrX_scaffold_001	96.970	66	2	0	227	292	7291591	7291656	2.08e-23	111
AF_HQ_Zamanian_AF1_1_10_HQ_transcript/19955	Bm_v4_ChrX_scaffold_001	100.000	201	0	0	293	493	7291773	7291973	8.65e-102	372
AF_HQ_Zamanian_AF1_1_10_HQ_transcript/19955	Bm_v4_ChrX_scaffold_001	100.000	168	0	0	492	659	7292156	7292323	1.91e-83	311
AF_HQ_Zamanian_AF1_1_10_HQ_transcript/19955	Bm_v4_ChrX_scaffold_001	100.000	130	0	0	657	786	7292476	7292605	2.55e-62	241
AF_HQ_Zamanian_AF1_1_10_HQ_transcript/19955	Bm_v4_ChrX_scaffold_001	100.000	125	0	0	785	909	7292675	7292799	1.53e-59	231
AF_HQ_Zamanian_AF1_1_10_HQ_transcript/19955	Bm_v4_ChrX_scaffold_001	100.000	279	0	0	907	1185	7292897	7293175	3.78e-145	516
AF_HQ_Zamanian_AF1_1_10_HQ_transcript/22951	Bm_v4_Chr3_scaffold_001	98.400	125	0	2	1	124	11909415	11909538	9.16e-56	219
AF_HQ_Zamanian_AF1_1_10_HQ_transcript/22951	Bm_v4_Chr3_scaffold_001	100.000	802	0	0	115	916	11909716	11910517	0.0	1482
AF_HQ_Zamanian_AF1_1_10_HQ_transcript/22979	Bm_v4_ChrX_scaffold_001	100.000	85	0	0	1	85	7291572	7291656	2.19e-37	158
AF_HQ_Zamanian_AF1_1_10_HQ_transcript/22979	Bm_v4_ChrX_scaffold_001	100.000	201	0	0	86	286	7291773	7291973	7.19e-102	372
AF_HQ_Zamanian_AF1_1_10_HQ_transcript/22979	Bm_v4_ChrX_scaffold_001	100.000	179	0	0	285	463	7292156	7292334	1.22e-89	331
AF_HQ_Zamanian_AF1_1_10_HQ_transcript/22979	Bm_v4_ChrX_scaffold_001	100.000	127	0	0	464	590	7292479	7292605	9.84e-61	235
AF_HQ_Zamanian_AF1_1_10_HQ_transcript/22979	Bm_v4_ChrX_scaffold_001	100.000	125	0	0	589	713	7292675	7292799	1.27e-59	231
AF_HQ_Zamanian_AF1_1_10_HQ_transcript/22979	Bm_v4_ChrX_scaffold_001	100.000	279	0	0	711	989	7292897	7293175	3.14e-145	516
AF_HQ_Zamanian_AF1_1_10_HQ_transcript/23989	Bm_v4_Chr3_scaffold_001	100.000	851	0	0	57	907	2639989	2639139	0.0	1572
AF_HQ_Zamanian_AF1_1_10_HQ_transcript/23989	Bm_v4_Chr3_scaffold_001	100.000	57	0	0	1	57	2640204	2640148	7.37e-22	106
AF_HQ_Zamanian_AF1_1_10_HQ_transcript/23989	Bm_v4_Chr3_scaffold_001	99.272	412	3	0	57	468	2640923	2641334	0.0	745
AF_HQ_Zamanian_AF1_1_10_HQ_transcript/23989	Bm_v4_Chr3_scaffold_001	99.754	407	1	0	501	907	2641335	2641741	0.0	747
AF_HQ_Zamanian_AF1_1_10_HQ_transcript/23989	Bm_v4_Chr3_scaffold_001	89.655	58	5	1	302	359	6740668	6740724	7.47e-12	73.1
AF_HQ_Zamanian_AF1_1_10_HQ_transcript/25612	Bm_v4_Chr3_scaffold_001	98.246	114	0	2	1	113	11909426	11909538	1.00e-49	198
AF_HQ_Zamanian_AF1_1_10_HQ_transcript/25612	Bm_v4_Chr3_scaffold_001	100.000	672	0	0	104	775	11909716	11910387	0.0	1242
AF_HQ_Zamanian_AF1_1_10_HQ_transcript/26788	Bm_v4_ChrX_scaffold_001	100.000	428	0	0	1	428	7821152	7821579	0.0	791
AF_HQ_Zamanian_AF1_1_10_HQ_transcript/26788	Bm_v4_ChrX_scaffold_001	100.000	65	0	0	429	493	7822325	7822389	1.40e-26	121
AF_HQ_Zamanian_AF1_1_10_HQ_transcript/27109	Bm_v4_ChrX_scaffold_001	100.000	428	0	0	1	428	7821152	7821579	0.0	791
AF_HQ_Zamanian_AF1_1_10_HQ_transcript/27109	Bm_v4_ChrX_scaffold_001	100.000	65	0	0	429	493	7822325	7822389	1.40e-26	121
AF_HQ_Zamanian_AF1_1_10_HQ_transcript/27291	Bm_v4_ChrX_scaffold_001	100.000	428	0	0	1	428	7821152	7821579	0.0	791
AF_HQ_Zamanian_AF1_1_10_HQ_transcript/27291	Bm_v4_ChrX_scaffold_001	100.000	65	0	0	429	493	7822325	7822389	1.40e-26	121
AF_HQ_Zamanian_AF1_1_10_HQ_transcript/27350	Bm_v4_ChrX_scaffold_001	100.000	377	0	0	1	377	7821203	7821579	0.0	697
AF_HQ_Zamanian_AF1_1_10_HQ_transcript/27350	Bm_v4_ChrX_scaffold_001	100.000	65	0	0	378	442	7822325	7822389	1.25e-26	121
AF_HQ_Zamanian_AF1_1_10_HQ_transcript/27461	Bm_v4_Chr2_contig_001	100.000	228	0	0	124	351	5683687	5683460	2.38e-117	422
AF_HQ_Zamanian_AF1_1_10_HQ_transcript/27461	Bm_v4_Chr2_contig_001	100.000	126	0	0	1	126	5684782	5684657	1.20e-60	233
AF_HQ_Zamanian_AF1_1_10_HQ_transcript/27850	Bm_v4_Chr2_contig_001	100.000	226	0	0	174	399	5683687	5683462	3.54e-116	418
AF_HQ_Zamanian_AF1_1_10_HQ_transcript/27850	Bm_v4_Chr2_contig_001	100.000	176	0	0	1	176	5684832	5684657	2.20e-88	326
AF_HQ_Zamanian_AF1_1_10_HQ_transcript/27873	Bm_v4_Chr3_scaffold_001	100.000	185	0	0	140	324	10549994	10549810	2.17e-93	342
AF_HQ_Zamanian_AF1_1_10_HQ_transcript/27873	Bm_v4_Chr3_scaffold_001	100.000	141	0	0	1	141	10550361	10550221	6.24e-69	261
AF_HQ_Zamanian_AF1_1_10_HQ_transcript/28242	Bm_v4_ChrX_scaffold_001	100.000	188	0	0	1	188	7821392	7821579	2.88e-95	348
AF_HQ_Zamanian_AF1_1_10_HQ_transcript/28242	Bm_v4_ChrX_scaffold_001	100.000	65	0	0	189	253	7822325	7822389	6.84e-27	121
AF_HQ_Zamanian_AF1_1_10_HQ_transcript/28300	Bm_v4_ChrX_scaffold_001	100.000	226	0	0	1	226	7821354	7821579	2.55e-116	418
AF_HQ_Zamanian_AF1_1_10_HQ_transcript/28300	Bm_v4_ChrX_scaffold_001	100.000	69	0	0	227	295	7822325	7822393	4.82e-29	128
AM_HQ_Zamanian_AM_1_10_HQ_transcript/12461	Bm_v4_Chr4_scaffold_001	100.000	60	0	0	1	60	5751703	5751762	1.90e-23	111
AM_HQ_Zamanian_AM_1_10_HQ_transcript/12461	Bm_v4_Chr4_scaffold_001	100.000	140	0	0	59	198	5751922	5752061	6.40e-68	259
AM_HQ_Zamanian_AM_1_10_HQ_transcript/12461	Bm_v4_Chr4_scaffold_001	100.000	69	0	0	198	266	5752170	5752238	1.88e-28	128
AM_HQ_Zamanian_AM_1_10_HQ_transcript/12461	Bm_v4_Chr4_scaffold_001	100.000	78	0	0	267	344	5752589	5752666	1.87e-33	145
AM_HQ_Zamanian_AM_1_10_HQ_transcript/12461	Bm_v4_Chr4_scaffold_001	100.000	60	0	0	344	403	5752829	5752888	1.90e-23	111
AM_HQ_Zamanian_AM_1_10_HQ_transcript/12461	Bm_v4_Chr4_scaffold_001	100.000	91	0	0	401	491	5753125	5753215	1.11e-40	169
AM_HQ_Zamanian_AM_1_10_HQ_transcript/12461	Bm_v4_Chr4_scaffold_001	100.000	104	0	0	492	595	5753356	5753459	6.59e-48	193
AM_HQ_Zamanian_AM_1_10_HQ_transcript/12461	Bm_v4_Chr4_scaffold_001	100.000	82	0	0	593	674	5753590	5753671	1.12e-35	152
AM_HQ_Zamanian_AM_1_10_HQ_transcript/12461	Bm_v4_Chr4_scaffold_001	100.000	87	0	0	675	761	5753848	5753934	1.86e-38	161
AM_HQ_Zamanian_AM_1_10_HQ_transcript/12461	Bm_v4_Chr4_scaffold_001	100.000	140	0	0	759	898	5754125	5754264	6.40e-68	259
AM_HQ_Zamanian_AM_1_10_HQ_transcript/12461	Bm_v4_Chr4_scaffold_001	100.000	187	0	0	896	1082	5754498	5754684	4.78e-94	346
AM_HQ_Zamanian_AM_1_10_HQ_transcript/13383	Bm_v4_ChrX_scaffold_001	100.000	159	0	0	1	159	16564843	16565001	1.75e-78	294
AM_HQ_Zamanian_AM_1_10_HQ_transcript/13383	Bm_v4_ChrX_scaffold_001	97.368	76	2	0	154	229	16566134	16566209	5.22e-29	130
AM_HQ_Zamanian_AM_1_10_HQ_transcript/13383	Bm_v4_ChrX_scaffold_001	100.000	83	0	0	230	312	16566495	16566577	3.10e-36	154
AM_HQ_Zamanian_AM_1_10_HQ_transcript/13383	Bm_v4_ChrX_scaffold_001	100.000	76	0	0	312	387	16567014	16567089	2.41e-32	141
AM_HQ_Zamanian_AM_1_10_HQ_transcript/13383	Bm_v4_ChrX_scaffold_001	98.113	53	0	1	384	435	16567662	16567714	2.46e-17	91.6
AM_HQ_Zamanian_AM_1_10_HQ_transcript/13383	Bm_v4_ChrX_scaffold_001	100.000	93	0	0	428	520	16567801	16567893	8.55e-42	172
AM_HQ_Zamanian_AM_1_10_HQ_transcript/13383	Bm_v4_ChrX_scaffold_001	100.000	61	0	0	521	581	16567970	16568030	5.26e-24	113
AM_HQ_Zamanian_AM_1_10_HQ_transcript/13383	Bm_v4_ChrX_scaffold_001	97.403	77	2	0	582	658	16568352	16568428	1.45e-29	132
AM_HQ_Zamanian_AM_1_10_HQ_transcript/13383	Bm_v4_ChrX_scaffold_001	100.000	64	0	0	650	713	16568650	16568713	1.13e-25	119
AM_HQ_Zamanian_AM_1_10_HQ_transcript/13383	Bm_v4_ChrX_scaffold_001	100.000	365	0	0	714	1078	16568886	16569250	0.0	675
AM_HQ_Zamanian_AM_1_10_HQ_transcript/13525	Bm_v4_Chr2_contig_001	100.000	897	0	0	1	897	12606512	12607408	0.0	1657
AM_HQ_Zamanian_AM_1_10_HQ_transcript/13525	Bm_v4_Chr2_contig_001	100.000	281	0	0	898	1178	12607938	12608218	2.90e-146	520
AM_HQ_Zamanian_AM_1_10_HQ_transcript/14285	Bm_v4_Chr4_scaffold_001	100.000	58	0	0	1	58	5751705	5751762	2.45e-22	108
AM_HQ_Zamanian_AM_1_10_HQ_transcript/14285	Bm_v4_Chr4_scaffold_001	100.000	140	0	0	57	196	5751922	5752061	6.39e-68	259
AM_HQ_Zamanian_AM_1_10_HQ_transcript/14285	Bm_v4_Chr4_scaffold_001	100.000	69	0	0	196	264	5752170	5752238	1.88e-28	128
AM_HQ_Zamanian_AM_1_10_HQ_transcript/14285	Bm_v4_Chr4_scaffold_001	100.000	78	0	0	265	342	5752589	5752666	1.87e-33	145
AM_HQ_Zamanian_AM_1_10_HQ_transcript/14285	Bm_v4_Chr4_scaffold_001	100.000	60	0	0	342	401	5752829	5752888	1.89e-23	111
AM_HQ_Zamanian_AM_1_10_HQ_transcript/14285	Bm_v4_Chr4_scaffold_001	100.000	91	0	0	399	489	5753125	5753215	1.11e-40	169
AM_HQ_Zamanian_AM_1_10_HQ_transcript/14285	Bm_v4_Chr4_scaffold_001	100.000	104	0	0	490	593	5753356	5753459	6.58e-48	193
AM_HQ_Zamanian_AM_1_10_HQ_transcript/14285	Bm_v4_Chr4_scaffold_001	100.000	82	0	0	591	672	5753590	5753671	1.12e-35	152
AM_HQ_Zamanian_AM_1_10_HQ_transcript/14285	Bm_v4_Chr4_scaffold_001	100.000	87	0	0	673	759	5753848	5753934	1.85e-38	161
AM_HQ_Zamanian_AM_1_10_HQ_transcript/14285	Bm_v4_Chr4_scaffold_001	100.000	140	0	0	757	896	5754125	5754264	6.39e-68	259
AM_HQ_Zamanian_AM_1_10_HQ_transcript/14285	Bm_v4_Chr4_scaffold_001	100.000	187	0	0	894	1080	5754498	5754684	4.77e-94	346
AM_HQ_Zamanian_AM_1_10_HQ_transcript/14651	Bm_v4_Chr4_scaffold_001	100.000	58	0	0	1	58	5751705	5751762	2.45e-22	108
AM_HQ_Zamanian_AM_1_10_HQ_transcript/14651	Bm_v4_Chr4_scaffold_001	100.000	140	0	0	57	196	5751922	5752061	6.39e-68	259
AM_HQ_Zamanian_AM_1_10_HQ_transcript/14651	Bm_v4_Chr4_scaffold_001	100.000	69	0	0	196	264	5752170	5752238	1.88e-28	128
AM_HQ_Zamanian_AM_1_10_HQ_transcript/14651	Bm_v4_Chr4_scaffold_001	100.000	78	0	0	265	342	5752589	5752666	1.87e-33	145
AM_HQ_Zamanian_AM_1_10_HQ_transcript/14651	Bm_v4_Chr4_scaffold_001	100.000	60	0	0	342	401	5752829	5752888	1.89e-23	111
AM_HQ_Zamanian_AM_1_10_HQ_transcript/14651	Bm_v4_Chr4_scaffold_001	100.000	91	0	0	399	489	5753125	5753215	1.11e-40	169
AM_HQ_Zamanian_AM_1_10_HQ_transcript/14651	Bm_v4_Chr4_scaffold_001	100.000	104	0	0	490	593	5753356	5753459	6.58e-48	193
AM_HQ_Zamanian_AM_1_10_HQ_transcript/14651	Bm_v4_Chr4_scaffold_001	100.000	82	0	0	591	672	5753590	5753671	1.12e-35	152
AM_HQ_Zamanian_AM_1_10_HQ_transcript/14651	Bm_v4_Chr4_scaffold_001	100.000	87	0	0	673	759	5753848	5753934	1.85e-38	161
AM_HQ_Zamanian_AM_1_10_HQ_transcript/14651	Bm_v4_Chr4_scaffold_001	100.000	140	0	0	757	896	5754125	5754264	6.39e-68	259
AM_HQ_Zamanian_AM_1_10_HQ_transcript/14651	Bm_v4_Chr4_scaffold_001	100.000	187	0	0	894	1080	5754498	5754684	4.77e-94	346
AM_HQ_Zamanian_AM_1_10_HQ_transcript/14969	Bm_v4_Chr4_scaffold_001	100.000	58	0	0	1	58	5751705	5751762	2.45e-22	108
AM_HQ_Zamanian_AM_1_10_HQ_transcript/14969	Bm_v4_Chr4_scaffold_001	100.000	140	0	0	57	196	5751922	5752061	6.39e-68	259
AM_HQ_Zamanian_AM_1_10_HQ_transcript/14969	Bm_v4_Chr4_scaffold_001	100.000	69	0	0	196	264	5752170	5752238	1.88e-28	128
AM_HQ_Zamanian_AM_1_10_HQ_transcript/14969	Bm_v4_Chr4_scaffold_001	100.000	78	0	0	265	342	5752589	5752666	1.87e-33	145
AM_HQ_Zamanian_AM_1_10_HQ_transcript/14969	Bm_v4_Chr4_scaffold_001	100.000	60	0	0	342	401	5752829	5752888	1.89e-23	111
AM_HQ_Zamanian_AM_1_10_HQ_transcript/14969	Bm_v4_Chr4_scaffold_001	100.000	91	0	0	399	489	5753125	5753215	1.11e-40	169
AM_HQ_Zamanian_AM_1_10_HQ_transcript/14969	Bm_v4_Chr4_scaffold_001	100.000	104	0	0	490	593	5753356	5753459	6.58e-48	193
AM_HQ_Zamanian_AM_1_10_HQ_transcript/14969	Bm_v4_Chr4_scaffold_001	100.000	82	0	0	591	672	5753590	5753671	1.12e-35	152
AM_HQ_Zamanian_AM_1_10_HQ_transcript/14969	Bm_v4_Chr4_scaffold_001	100.000	87	0	0	673	759	5753848	5753934	1.85e-38	161
AM_HQ_Zamanian_AM_1_10_HQ_transcript/14969	Bm_v4_Chr4_scaffold_001	100.000	140	0	0	757	896	5754125	5754264	6.39e-68	259
AM_HQ_Zamanian_AM_1_10_HQ_transcript/14969	Bm_v4_Chr4_scaffold_001	100.000	187	0	0	894	1080	5754498	5754684	4.77e-94	346
AM_HQ_Zamanian_AM_1_10_HQ_transcript/15546	Bm_v4_Chr4_scaffold_001	100.000	60	0	0	1	60	5751703	5751762	1.90e-23	111
AM_HQ_Zamanian_AM_1_10_HQ_transcript/15546	Bm_v4_Chr4_scaffold_001	100.000	140	0	0	59	198	5751922	5752061	6.40e-68	259
AM_HQ_Zamanian_AM_1_10_HQ_transcript/15546	Bm_v4_Chr4_scaffold_001	100.000	69	0	0	198	266	5752170	5752238	1.88e-28	128
AM_HQ_Zamanian_AM_1_10_HQ_transcript/15546	Bm_v4_Chr4_scaffold_001	100.000	78	0	0	267	344	5752589	5752666	1.87e-33	145
AM_HQ_Zamanian_AM_1_10_HQ_transcript/15546	Bm_v4_Chr4_scaffold_001	100.000	60	0	0	344	403	5752829	5752888	1.90e-23	111
AM_HQ_Zamanian_AM_1_10_HQ_transcript/15546	Bm_v4_Chr4_scaffold_001	100.000	91	0	0	401	491	5753125	5753215	1.11e-40	169
AM_HQ_Zamanian_AM_1_10_HQ_transcript/15546	Bm_v4_Chr4_scaffold_001	100.000	104	0	0	492	595	5753356	5753459	6.59e-48	193
AM_HQ_Zamanian_AM_1_10_HQ_transcript/15546	Bm_v4_Chr4_scaffold_001	100.000	82	0	0	593	674	5753590	5753671	1.12e-35	152
AM_HQ_Zamanian_AM_1_10_HQ_transcript/15546	Bm_v4_Chr4_scaffold_001	100.000	87	0	0	675	761	5753848	5753934	1.86e-38	161
AM_HQ_Zamanian_AM_1_10_HQ_transcript/15546	Bm_v4_Chr4_scaffold_001	100.000	140	0	0	759	898	5754125	5754264	6.40e-68	259
AM_HQ_Zamanian_AM_1_10_HQ_transcript/15546	Bm_v4_Chr4_scaffold_001	100.000	187	0	0	896	1082	5754498	5754684	4.78e-94	346
AM_HQ_Zamanian_AM_1_10_HQ_transcript/16468	Bm_v4_ChrX_scaffold_001	99.783	921	1	1	120	1039	3713940	3713020	0.0	1688
AM_HQ_Zamanian_AM_1_10_HQ_transcript/16468	Bm_v4_ChrX_scaffold_001	100.000	129	0	0	1	129	3715090	3714962	8.00e-62	239
AM_HQ_Zamanian_AM_1_10_HQ_transcript/17396	Bm_v4_Chr2_contig_001	100.000	208	0	0	521	728	5603015	5602808	6.73e-106	385
AM_HQ_Zamanian_AM_1_10_HQ_transcript/17396	Bm_v4_Chr2_contig_001	100.000	73	0	0	452	524	5603206	5603134	7.49e-31	135
AM_HQ_Zamanian_AM_1_10_HQ_transcript/17396	Bm_v4_Chr2_contig_001	100.000	201	0	0	251	451	5603595	5603395	5.24e-102	372
AM_HQ_Zamanian_AM_1_10_HQ_transcript/17396	Bm_v4_Chr2_contig_001	99.605	253	1	0	1	253	5604006	5603754	3.02e-129	462
AM_HQ_Zamanian_AM_1_10_HQ_transcript/17612	Bm_v4_Chr3_scaffold_001	100.000	74	0	0	1	74	11907767	11907840	2.83e-31	137
AM_HQ_Zamanian_AM_1_10_HQ_transcript/17612	Bm_v4_Chr3_scaffold_001	100.000	108	0	0	74	181	11908581	11908688	3.56e-50	200
AM_HQ_Zamanian_AM_1_10_HQ_transcript/17612	Bm_v4_Chr3_scaffold_001	100.000	801	0	0	180	980	11909716	11910516	0.0	1480
AM_HQ_Zamanian_AM_1_10_HQ_transcript/18028	Bm_v4_ChrX_scaffold_001	100.000	89	0	0	1	89	4840366	4840454	9.45e-40	165
AM_HQ_Zamanian_AM_1_10_HQ_transcript/18028	Bm_v4_ChrX_scaffold_001	100.000	267	0	0	89	355	4840681	4840947	1.06e-138	494
AM_HQ_Zamanian_AM_1_10_HQ_transcript/18028	Bm_v4_ChrX_scaffold_001	98.361	122	1	1	346	467	4841009	4841129	3.33e-54	213
AM_HQ_Zamanian_AM_1_10_HQ_transcript/18028	Bm_v4_ChrX_scaffold_001	100.000	259	0	0	463	721	4841291	4841549	2.97e-134	479
AM_HQ_Zamanian_AM_1_10_HQ_transcript/18819	Bm_v4_ChrX_scaffold_001	100.000	78	0	0	1	78	18480323	18480400	1.31e-33	145
AM_HQ_Zamanian_AM_1_10_HQ_transcript/18819	Bm_v4_ChrX_scaffold_001	98.361	61	1	0	75	135	18480894	18480954	1.72e-22	108
AM_HQ_Zamanian_AM_1_10_HQ_transcript/18819	Bm_v4_ChrX_scaffold_001	100.000	75	0	0	133	207	18481046	18481120	6.08e-32	139
AM_HQ_Zamanian_AM_1_10_HQ_transcript/18819	Bm_v4_ChrX_scaffold_001	99.142	233	0	2	206	436	18481417	18481649	6.98e-116	418
AM_HQ_Zamanian_AM_1_10_HQ_transcript/18819	Bm_v4_ChrX_scaffold_001	100.000	93	0	0	422	514	18481890	18481982	6.00e-42	172
AM_HQ_Zamanian_AM_1_10_HQ_transcript/18819	Bm_v4_ChrX_scaffold_001	100.000	62	0	0	536	597	18483107	18483168	1.03e-24	115
AM_HQ_Zamanian_AM_1_10_HQ_transcript/18819	Bm_v4_ChrX_scaffold_001	100.000	169	0	0	596	764	18484605	18484773	3.39e-84	313
AM_HQ_Zamanian_AM_1_10_HQ_transcript/19476	Bm_v4_Chr4_scaffold_001	100.000	793	0	0	107	899	8410449	8409657	0.0	1465
AM_HQ_Zamanian_AM_1_10_HQ_transcript/19476	Bm_v4_Chr4_scaffold_001	100.000	106	0	0	1	106	8410883	8410778	4.21e-49	196
AM_HQ_Zamanian_AM_1_10_HQ_transcript/19615	Bm_v4_Chr1_scaffold_001	100.000	164	0	0	1	164	1308978	1309141	2.41e-81	303
AM_HQ_Zamanian_AM_1_10_HQ_transcript/19615	Bm_v4_Chr1_scaffold_001	100.000	104	0	0	162	265	1309329	1309432	5.45e-48	193
AM_HQ_Zamanian_AM_1_10_HQ_transcript/19615	Bm_v4_Chr1_scaffold_001	100.000	634	0	0	266	899	1310387	1311020	0.0	1171
AM_HQ_Zamanian_AM_1_10_HQ_transcript/19620	Bm_v4_Chr4_scaffold_001	100.000	58	0	0	1	58	5751705	5751762	1.71e-22	108
AM_HQ_Zamanian_AM_1_10_HQ_transcript/19620	Bm_v4_Chr4_scaffold_001	100.000	140	0	0	57	196	5751922	5752061	4.46e-68	259
AM_HQ_Zamanian_AM_1_10_HQ_transcript/19620	Bm_v4_Chr4_scaffold_001	100.000	69	0	0	196	264	5752170	5752238	1.31e-28	128
AM_HQ_Zamanian_AM_1_10_HQ_transcript/19620	Bm_v4_Chr4_scaffold_001	100.000	78	0	0	265	342	5752589	5752666	1.30e-33	145
AM_HQ_Zamanian_AM_1_10_HQ_transcript/19620	Bm_v4_Chr4_scaffold_001	100.000	420	0	0	342	761	5753127	5753546	0.0	776
AM_HQ_Zamanian_AM_1_10_HQ_transcript/20099	Bm_v4_ChrX_scaffold_001	100.000	89	0	0	1	89	4840366	4840454	8.58e-40	165
AM_HQ_Zamanian_AM_1_10_HQ_transcript/20099	Bm_v4_ChrX_scaffold_001	100.000	267	0	0	89	355	4840681	4840947	9.64e-139	494
AM_HQ_Zamanian_AM_1_10_HQ_transcript/20099	Bm_v4_ChrX_scaffold_001	98.361	122	1	1	346	467	4841009	4841129	3.02e-54	213
AM_HQ_Zamanian_AM_1_10_HQ_transcript/20099	Bm_v4_ChrX_scaffold_001	100.000	195	0	0	463	657	4841291	4841485	1.02e-98	361
AM_HQ_Zamanian_AM_1_10_HQ_transcript/20647	Bm_v4_Chr2_contig_001	100.000	211	0	0	529	739	5603015	5602805	1.47e-107	390
AM_HQ_Zamanian_AM_1_10_HQ_transcript/20647	Bm_v4_Chr2_contig_001	100.000	73	0	0	460	532	5603206	5603134	7.60e-31	135
AM_HQ_Zamanian_AM_1_10_HQ_transcript/20647	Bm_v4_Chr2_contig_001	100.000	201	0	0	259	459	5603595	5603395	5.32e-102	372
AM_HQ_Zamanian_AM_1_10_HQ_transcript/20647	Bm_v4_Chr2_contig_001	99.617	261	1	0	1	261	5604014	5603754	1.10e-133	477
AM_HQ_Zamanian_AM_1_10_HQ_transcript/20880	Bm_v4_ChrX_scaffold_001	100.000	91	0	0	1	91	4840364	4840454	6.66e-41	169
AM_HQ_Zamanian_AM_1_10_HQ_transcript/20880	Bm_v4_ChrX_scaffold_001	100.000	267	0	0	91	357	4840681	4840947	9.67e-139	494
AM_HQ_Zamanian_AM_1_10_HQ_transcript/20880	Bm_v4_ChrX_scaffold_001	98.361	122	1	1	348	469	4841009	4841129	3.03e-54	213
AM_HQ_Zamanian_AM_1_10_HQ_transcript/20880	Bm_v4_ChrX_scaffold_001	100.000	195	0	0	465	659	4841291	4841485	1.02e-98	361
AM_HQ_Zamanian_AM_1_10_HQ_transcript/21404	Bm_v4_Chr2_contig_001	100.000	216	0	0	532	747	5603015	5602800	2.47e-110	399
AM_HQ_Zamanian_AM_1_10_HQ_transcript/21404	Bm_v4_Chr2_contig_001	100.000	73	0	0	463	535	5603206	5603134	7.69e-31	135
AM_HQ_Zamanian_AM_1_10_HQ_transcript/21404	Bm_v4_Chr2_contig_001	100.000	201	0	0	262	462	5603595	5603395	5.38e-102	372
AM_HQ_Zamanian_AM_1_10_HQ_transcript/21404	Bm_v4_Chr2_contig_001	99.621	264	1	0	1	264	5604017	5603754	2.38e-135	483
AM_HQ_Zamanian_AM_1_10_HQ_transcript/21425	Bm_v4_ChrX_scaffold_001	100.000	679	0	0	149	827	7838943	7838265	0.0	1254
AM_HQ_Zamanian_AM_1_10_HQ_transcript/21425	Bm_v4_ChrX_scaffold_001	100.000	151	0	0	1	151	7839437	7839287	3.73e-74	279
AM_HQ_Zamanian_AM_1_10_HQ_transcript/21608	Bm_v4_ChrX_scaffold_001	100.000	89	0	0	1	89	4840366	4840454	8.51e-40	165
AM_HQ_Zamanian_AM_1_10_HQ_transcript/21608	Bm_v4_ChrX_scaffold_001	100.000	267	0	0	89	355	4840681	4840947	9.56e-139	494
AM_HQ_Zamanian_AM_1_10_HQ_transcript/21608	Bm_v4_ChrX_scaffold_001	98.361	122	1	1	346	467	4841009	4841129	3.00e-54	213
AM_HQ_Zamanian_AM_1_10_HQ_transcript/21608	Bm_v4_ChrX_scaffold_001	100.000	190	0	0	463	652	4841291	4841480	6.09e-96	351
AM_HQ_Zamanian_AM_1_10_HQ_transcript/21625	Bm_v4_ChrX_scaffold_001	100.000	79	0	0	1	79	18480322	18480400	3.81e-34	147
AM_HQ_Zamanian_AM_1_10_HQ_transcript/21625	Bm_v4_ChrX_scaffold_001	98.361	61	1	0	76	136	18480894	18480954	1.80e-22	108
AM_HQ_Zamanian_AM_1_10_HQ_transcript/21625	Bm_v4_ChrX_scaffold_001	100.000	75	0	0	134	208	18481046	18481120	6.37e-32	139
AM_HQ_Zamanian_AM_1_10_HQ_transcript/21625	Bm_v4_ChrX_scaffold_001	99.142	233	0	2	207	437	18481417	18481649	7.31e-116	418
AM_HQ_Zamanian_AM_1_10_HQ_transcript/21625	Bm_v4_ChrX_scaffold_001	100.000	93	0	0	423	515	18481890	18481982	6.28e-42	172
AM_HQ_Zamanian_AM_1_10_HQ_transcript/21625	Bm_v4_ChrX_scaffold_001	100.000	62	0	0	537	598	18483107	18483168	1.07e-24	115
AM_HQ_Zamanian_AM_1_10_HQ_transcript/21625	Bm_v4_ChrX_scaffold_001	100.000	203	0	0	597	799	18484605	18484807	4.46e-103	375
AM_HQ_Zamanian_AM_1_10_HQ_transcript/21684	Bm_v4_ChrX_scaffold_001	100.000	250	0	0	182	431	14823297	14823048	1.75e-129	462
AM_HQ_Zamanian_AM_1_10_HQ_transcript/21684	Bm_v4_ChrX_scaffold_001	100.000	77	0	0	106	182	14823516	14823440	2.59e-33	143
AM_HQ_Zamanian_AM_1_10_HQ_transcript/21684	Bm_v4_ChrX_scaffold_001	99.074	108	1	0	1	108	14823892	14823785	7.04e-49	195
AM_HQ_Zamanian_AM_1_10_HQ_transcript/21776	Bm_v4_Chr2_contig_001	100.000	70	0	0	1	70	8438408	8438477	2.23e-29	130
AM_HQ_Zamanian_AM_1_10_HQ_transcript/21776	Bm_v4_Chr2_contig_001	100.000	167	0	0	70	236	8440419	8440585	2.67e-83	309
AM_HQ_Zamanian_AM_1_10_HQ_transcript/21776	Bm_v4_Chr2_contig_001	100.000	240	0	0	235	474	8440720	8440959	7.00e-124	444
AM_HQ_Zamanian_AM_1_10_HQ_transcript/21993	Bm_v4_ChrX_scaffold_001	100.000	78	0	0	1	78	18480323	18480400	1.30e-33	145
AM_HQ_Zamanian_AM_1_10_HQ_transcript/21993	Bm_v4_ChrX_scaffold_001	98.361	61	1	0	75	135	18480894	18480954	1.71e-22	108
AM_HQ_Zamanian_AM_1_10_HQ_transcript/21993	Bm_v4_ChrX_scaffold_001	100.000	75	0	0	133	207	18481046	18481120	6.07e-32	139
AM_HQ_Zamanian_AM_1_10_HQ_transcript/21993	Bm_v4_ChrX_scaffold_001	99.142	233	0	2	206	436	18481417	18481649	6.96e-116	418
AM_HQ_Zamanian_AM_1_10_HQ_transcript/21993	Bm_v4_ChrX_scaffold_001	100.000	93	0	0	422	514	18481890	18481982	5.98e-42	172
AM_HQ_Zamanian_AM_1_10_HQ_transcript/21993	Bm_v4_ChrX_scaffold_001	100.000	62	0	0	536	597	18483107	18483168	1.02e-24	115
AM_HQ_Zamanian_AM_1_10_HQ_transcript/21993	Bm_v4_ChrX_scaffold_001	100.000	167	0	0	596	762	18484605	18484771	4.37e-83	309
AM_HQ_Zamanian_AM_1_10_HQ_transcript/22115	Bm_012	100.000	283	0	0	503	785	37118	36836	1.48e-147	523
AM_HQ_Zamanian_AM_1_10_HQ_transcript/22115	Bm_012	100.000	191	0	0	312	502	37541	37351	2.05e-96	353
AM_HQ_Zamanian_AM_1_10_HQ_transcript/22115	Bm_012	100.000	177	0	0	135	311	37867	37691	1.24e-88	327
AM_HQ_Zamanian_AM_1_10_HQ_transcript/22115	Bm_012	100.000	110	0	0	26	135	38183	38074	2.19e-51	204
AM_HQ_Zamanian_AM_1_10_HQ_transcript/22115	Bm_v4_ChrX_scaffold_001	89.535	258	19	4	488	737	22055901	22055644	2.08e-86	320
AM_HQ_Zamanian_AM_1_10_HQ_transcript/22115	Bm_v4_ChrX_scaffold_001	96.875	192	5	1	312	502	22056448	22056257	2.08e-86	320
AM_HQ_Zamanian_AM_1_10_HQ_transcript/22115	Bm_v4_ChrX_scaffold_001	94.375	160	9	0	135	294	22056767	22056608	3.58e-64	246
AM_HQ_Zamanian_AM_1_10_HQ_transcript/22115	Bm_v4_ChrX_scaffold_001	91.818	110	9	0	26	135	22057085	22056976	2.23e-36	154
AM_HQ_Zamanian_AM_1_10_HQ_transcript/22789	Bm_v4_ChrX_scaffold_001	100.000	89	0	0	1	89	4840366	4840454	8.54e-40	165
AM_HQ_Zamanian_AM_1_10_HQ_transcript/22789	Bm_v4_ChrX_scaffold_001	100.000	267	0	0	89	355	4840681	4840947	9.59e-139	494
AM_HQ_Zamanian_AM_1_10_HQ_transcript/22789	Bm_v4_ChrX_scaffold_001	98.361	122	1	1	346	467	4841009	4841129	3.01e-54	213
AM_HQ_Zamanian_AM_1_10_HQ_transcript/22789	Bm_v4_ChrX_scaffold_001	100.000	192	0	0	463	654	4841291	4841482	4.72e-97	355
AM_HQ_Zamanian_AM_1_10_HQ_transcript/22886	Bm_v4_ChrX_scaffold_001	99.602	251	0	1	236	485	18354090	18353840	9.22e-128	457
AM_HQ_Zamanian_AM_1_10_HQ_transcript/22886	Bm_v4_ChrX_scaffold_001	100.000	126	0	0	117	242	18354406	18354281	1.69e-60	233
AM_HQ_Zamanian_AM_1_10_HQ_transcript/22886	Bm_v4_ChrX_scaffold_001	98.374	123	2	0	1	123	18355287	18355165	1.70e-55	217
AM_HQ_Zamanian_AM_1_10_HQ_transcript/23043	Bm_v4_Chr2_contig_001	100.000	212	0	0	535	746	5603015	5602804	4.13e-108	392
AM_HQ_Zamanian_AM_1_10_HQ_transcript/23043	Bm_v4_Chr2_contig_001	100.000	73	0	0	466	538	5603206	5603134	7.68e-31	135
AM_HQ_Zamanian_AM_1_10_HQ_transcript/23043	Bm_v4_Chr2_contig_001	100.000	201	0	0	265	465	5603595	5603395	5.38e-102	372
AM_HQ_Zamanian_AM_1_10_HQ_transcript/23043	Bm_v4_Chr2_contig_001	99.625	267	1	0	1	267	5604020	5603754	5.12e-137	488
AM_HQ_Zamanian_AM_1_10_HQ_transcript/23047	Bm_v4_ChrX_scaffold_001	100.000	89	0	0	1	89	4840366	4840454	8.51e-40	165
AM_HQ_Zamanian_AM_1_10_HQ_transcript/23047	Bm_v4_ChrX_scaffold_001	100.000	267	0	0	89	355	4840681	4840947	9.56e-139	494
AM_HQ_Zamanian_AM_1_10_HQ_transcript/23047	Bm_v4_ChrX_scaffold_001	98.361	122	1	1	346	467	4841009	4841129	3.00e-54	213
AM_HQ_Zamanian_AM_1_10_HQ_transcript/23047	Bm_v4_ChrX_scaffold_001	100.000	190	0	0	463	652	4841291	4841480	6.09e-96	351
AM_HQ_Zamanian_AM_1_10_HQ_transcript/23073	Bm_v4_ChrX_scaffold_001	100.000	79	0	0	1	79	18480322	18480400	3.59e-34	147
AM_HQ_Zamanian_AM_1_10_HQ_transcript/23073	Bm_v4_ChrX_scaffold_001	98.361	61	1	0	76	136	18480894	18480954	1.69e-22	108
AM_HQ_Zamanian_AM_1_10_HQ_transcript/23073	Bm_v4_ChrX_scaffold_001	100.000	75	0	0	134	208	18481046	18481120	6.00e-32	139
AM_HQ_Zamanian_AM_1_10_HQ_transcript/23073	Bm_v4_ChrX_scaffold_001	99.142	233	0	2	207	437	18481417	18481649	6.88e-116	418
AM_HQ_Zamanian_AM_1_10_HQ_transcript/23073	Bm_v4_ChrX_scaffold_001	100.000	93	0	0	423	515	18481890	18481982	5.92e-42	172
AM_HQ_Zamanian_AM_1_10_HQ_transcript/23073	Bm_v4_ChrX_scaffold_001	100.000	62	0	0	537	598	18483107	18483168	1.01e-24	115
AM_HQ_Zamanian_AM_1_10_HQ_transcript/23073	Bm_v4_ChrX_scaffold_001	100.000	158	0	0	597	754	18483239	18483396	4.35e-78	292
AM_HQ_Zamanian_AM_1_10_HQ_transcript/23245	Bm_v4_Chr1_scaffold_001	100.000	321	0	0	130	450	7565984	7565664	6.22e-169	593
AM_HQ_Zamanian_AM_1_10_HQ_transcript/23245	Bm_v4_Chr1_scaffold_001	100.000	130	0	0	1	130	7566580	7566451	9.34e-63	241
AM_HQ_Zamanian_AM_1_10_HQ_transcript/23456	Bm_v4_ChrX_scaffold_001	100.000	250	0	0	182	431	14823297	14823048	1.75e-129	462
AM_HQ_Zamanian_AM_1_10_HQ_transcript/23456	Bm_v4_ChrX_scaffold_001	100.000	77	0	0	106	182	14823516	14823440	2.59e-33	143
AM_HQ_Zamanian_AM_1_10_HQ_transcript/23456	Bm_v4_ChrX_scaffold_001	99.074	108	1	0	1	108	14823892	14823785	7.04e-49	195
AM_HQ_Zamanian_AM_1_10_HQ_transcript/23460	Bm_v4_Chr2_contig_001	100.000	78	0	0	1	78	8438400	8438477	8.10e-34	145
AM_HQ_Zamanian_AM_1_10_HQ_transcript/23460	Bm_v4_Chr2_contig_001	100.000	167	0	0	78	244	8440419	8440585	2.71e-83	309
AM_HQ_Zamanian_AM_1_10_HQ_transcript/23460	Bm_v4_Chr2_contig_001	100.000	240	0	0	243	482	8440720	8440959	7.13e-124	444
AM_HQ_Zamanian_AM_1_10_HQ_transcript/23513	Bm_v4_ChrX_scaffold_001	100.000	251	0	0	150	400	7838943	7838693	4.49e-130	464
AM_HQ_Zamanian_AM_1_10_HQ_transcript/23513	Bm_v4_ChrX_scaffold_001	100.000	152	0	0	1	152	7839438	7839287	4.85e-75	281
AM_HQ_Zamanian_AM_1_10_HQ_transcript/23625	Bm_v4_Chr3_scaffold_001	100.000	265	0	0	455	719	599480	599216	1.37e-137	490
AM_HQ_Zamanian_AM_1_10_HQ_transcript/23625	Bm_v4_Chr3_scaffold_001	100.000	247	0	0	209	455	600225	599979	1.39e-127	457
AM_HQ_Zamanian_AM_1_10_HQ_transcript/23625	Bm_v4_Chr3_scaffold_001	100.000	209	0	0	1	209	600595	600387	1.85e-106	387
AM_HQ_Zamanian_AM_1_10_HQ_transcript/23731	Bm_v4_ChrX_scaffold_001	100.000	89	0	0	1	89	4840366	4840454	8.54e-40	165
AM_HQ_Zamanian_AM_1_10_HQ_transcript/23731	Bm_v4_ChrX_scaffold_001	100.000	267	0	0	89	355	4840681	4840947	9.59e-139	494
AM_HQ_Zamanian_AM_1_10_HQ_transcript/23731	Bm_v4_ChrX_scaffold_001	98.361	122	1	1	346	467	4841009	4841129	3.01e-54	213
AM_HQ_Zamanian_AM_1_10_HQ_transcript/23731	Bm_v4_ChrX_scaffold_001	100.000	192	0	0	463	654	4841291	4841482	4.72e-97	355
AM_HQ_Zamanian_AM_1_10_HQ_transcript/24067	Bm_v4_ChrX_scaffold_001	100.000	91	0	0	1	91	4840364	4840454	6.60e-41	169
AM_HQ_Zamanian_AM_1_10_HQ_transcript/24067	Bm_v4_ChrX_scaffold_001	100.000	267	0	0	91	357	4840681	4840947	9.59e-139	494
AM_HQ_Zamanian_AM_1_10_HQ_transcript/24067	Bm_v4_ChrX_scaffold_001	98.361	122	1	1	348	469	4841009	4841129	3.01e-54	213
AM_HQ_Zamanian_AM_1_10_HQ_transcript/24067	Bm_v4_ChrX_scaffold_001	100.000	190	0	0	465	654	4841291	4841480	6.11e-96	351
AM_HQ_Zamanian_AM_1_10_HQ_transcript/24520	Bm_v4_ChrX_scaffold_001	99.606	254	0	1	236	488	18354090	18353837	1.99e-129	462
AM_HQ_Zamanian_AM_1_10_HQ_transcript/24520	Bm_v4_ChrX_scaffold_001	100.000	126	0	0	117	242	18354406	18354281	1.70e-60	233
AM_HQ_Zamanian_AM_1_10_HQ_transcript/24520	Bm_v4_ChrX_scaffold_001	98.374	123	2	0	1	123	18355287	18355165	1.71e-55	217
AM_HQ_Zamanian_AM_1_10_HQ_transcript/24573	Bm_v4_ChrX_scaffold_001	99.531	213	0	1	297	509	14607442	14607231	1.29e-106	387
AM_HQ_Zamanian_AM_1_10_HQ_transcript/24573	Bm_v4_ChrX_scaffold_001	100.000	303	0	0	1	303	14608045	14607743	7.19e-159	560
AM_HQ_Zamanian_AM_1_10_HQ_transcript/24581	Bm_v4_Chr1_scaffold_001	100.000	321	0	0	130	450	7565984	7565664	6.22e-169	593
AM_HQ_Zamanian_AM_1_10_HQ_transcript/24581	Bm_v4_Chr1_scaffold_001	100.000	130	0	0	1	130	7566580	7566451	9.34e-63	241
AM_HQ_Zamanian_AM_1_10_HQ_transcript/24688	Bm_v4_ChrX_scaffold_001	98.936	94	0	1	1	93	23293381	23293474	2.42e-40	167
AM_HQ_Zamanian_AM_1_10_HQ_transcript/24688	Bm_v4_ChrX_scaffold_001	100.000	80	0	0	90	169	23293900	23293979	8.75e-35	148
AM_HQ_Zamanian_AM_1_10_HQ_transcript/24688	Bm_v4_ChrX_scaffold_001	100.000	38	0	0	168	205	23294642	23294679	1.95e-11	71.3
AM_HQ_Zamanian_AM_1_10_HQ_transcript/24688	Bm_v4_ChrX_scaffold_001	100.000	56	0	0	205	260	23295389	23295444	1.92e-21	104
AM_HQ_Zamanian_AM_1_10_HQ_transcript/24688	Bm_v4_ChrX_scaffold_001	100.000	139	0	0	286	424	23296629	23296767	1.39e-67	257
AM_HQ_Zamanian_AM_1_10_HQ_transcript/24688	Bm_v4_ChrX_scaffold_001	96.774	93	1	2	417	507	23297052	23297144	1.88e-36	154
AM_HQ_Zamanian_AM_1_10_HQ_transcript/24688	Bm_v4_ChrX_scaffold_001	100.000	158	0	0	508	665	23297332	23297489	3.82e-78	292
AM_HQ_Zamanian_AM_1_10_HQ_transcript/24717	Bm_v4_ChrX_scaffold_001	100.000	281	0	0	150	430	7838943	7838663	1.02e-146	520
AM_HQ_Zamanian_AM_1_10_HQ_transcript/24717	Bm_v4_ChrX_scaffold_001	100.000	152	0	0	1	152	7839438	7839287	5.24e-75	281
AM_HQ_Zamanian_AM_1_10_HQ_transcript/24777	Bm_007	98.889	180	2	0	1	180	24694	24873	3.04e-87	322
AM_HQ_Zamanian_AM_1_10_HQ_transcript/24777	Bm_007	93.220	236	5	2	178	402	25277	25512	1.08e-91	337
AM_HQ_Zamanian_AM_1_10_HQ_transcript/24777	Bm_008	98.333	180	3	0	1	180	30683	30862	1.41e-85	316
AM_HQ_Zamanian_AM_1_10_HQ_transcript/24777	Bm_008	100.000	246	0	0	178	423	31266	31511	2.87e-127	455
AM_HQ_Zamanian_AM_1_10_HQ_transcript/24777	Bm_011	100.000	180	0	0	1	180	47369	47548	1.40e-90	333
AM_HQ_Zamanian_AM_1_10_HQ_transcript/24777	Bm_011	100.000	246	0	0	178	423	47951	48196	2.87e-127	455
AM_HQ_Zamanian_AM_1_10_HQ_transcript/24777	Bm_014	100.000	180	0	0	1	180	84291	84470	1.40e-90	333
AM_HQ_Zamanian_AM_1_10_HQ_transcript/24777	Bm_014	100.000	246	0	0	178	423	84873	85118	2.87e-127	455
AM_HQ_Zamanian_AM_1_10_HQ_transcript/24777	Bm_033	97.024	168	4	1	13	179	34232	34399	5.15e-75	281
AM_HQ_Zamanian_AM_1_10_HQ_transcript/24777	Bm_033	93.061	245	5	5	178	411	34788	35031	5.01e-95	348
AM_HQ_Zamanian_AM_1_10_HQ_transcript/24777	Bm_049	100.000	180	0	0	1	180	33498	33677	1.40e-90	333
AM_HQ_Zamanian_AM_1_10_HQ_transcript/24777	Bm_049	99.593	246	1	0	178	423	34080	34325	1.33e-125	449
AM_HQ_Zamanian_AM_1_10_HQ_transcript/24777	Bm_066	89.730	185	2	5	13	180	31308	31492	1.14e-56	220
AM_HQ_Zamanian_AM_1_10_HQ_transcript/24777	Bm_066	93.220	236	4	3	178	402	31896	32130	1.08e-91	337
AM_HQ_Zamanian_AM_1_10_HQ_transcript/24777	Bm_v4_Chr2_contig_001	92.241	232	10	5	178	402	14172582	14172352	3.04e-87	322
AM_HQ_Zamanian_AM_1_10_HQ_transcript/24777	Bm_v4_Chr2_contig_001	89.744	195	5	3	1	180	14173180	14172986	4.07e-61	235
AM_HQ_Zamanian_AM_1_10_HQ_transcript/24777	Bm_v4_Chr3_scaffold_001	98.333	180	3	0	1	180	10015	10194	1.41e-85	316
AM_HQ_Zamanian_AM_1_10_HQ_transcript/24777	Bm_v4_Chr3_scaffold_001	100.000	246	0	0	178	423	10598	10843	2.87e-127	455
AM_HQ_Zamanian_AM_1_10_HQ_transcript/24777	Bm_v4_Chr3_scaffold_001	89.030	237	13	4	178	402	2007135	2006900	5.15e-75	281
AM_HQ_Zamanian_AM_1_10_HQ_transcript/24777	Bm_v4_Chr3_scaffold_001	98.225	169	2	1	13	180	2007706	2007538	6.62e-79	294
AM_HQ_Zamanian_AM_1_10_HQ_transcript/24777	Bm_v4_Chr4_scaffold_001	100.000	246	0	0	178	423	13394705	13394460	2.87e-127	455
AM_HQ_Zamanian_AM_1_10_HQ_transcript/24777	Bm_v4_Chr4_scaffold_001	100.000	180	0	0	1	180	13395287	13395108	1.40e-90	333
AM_HQ_Zamanian_AM_1_10_HQ_transcript/24777	Bm_v4_Chr4_scaffold_001	92.513	187	8	1	1	181	27672	27858	1.87e-69	263
AM_HQ_Zamanian_AM_1_10_HQ_transcript/24777	Bm_v4_Chr4_scaffold_001	91.154	260	9	5	178	423	28226	28485	8.38e-93	340
AM_HQ_Zamanian_AM_1_10_HQ_transcript/24983	Bm_v4_ChrX_scaffold_001	100.000	281	0	0	149	429	7838943	7838663	1.02e-146	520
AM_HQ_Zamanian_AM_1_10_HQ_transcript/24983	Bm_v4_ChrX_scaffold_001	100.000	151	0	0	1	151	7839437	7839287	1.88e-74	279
AM_HQ_Zamanian_AM_1_10_HQ_transcript/25074	Bm_007	90.566	212	5	2	4	215	24677	24873	1.71e-70	267
AM_HQ_Zamanian_AM_1_10_HQ_transcript/25074	Bm_007	98.282	291	0	1	213	498	25277	25567	3.34e-142	505
AM_HQ_Zamanian_AM_1_10_HQ_transcript/25074	Bm_008	89.623	212	7	2	4	215	30666	30862	3.71e-67	255
AM_HQ_Zamanian_AM_1_10_HQ_transcript/25074	Bm_008	92.241	232	10	5	213	443	31266	31490	3.61e-87	322
AM_HQ_Zamanian_AM_1_10_HQ_transcript/25074	Bm_011	90.094	212	6	3	4	215	47352	47548	7.98e-69	261
AM_HQ_Zamanian_AM_1_10_HQ_transcript/25074	Bm_011	92.241	232	10	5	213	443	47951	48175	3.61e-87	322
AM_HQ_Zamanian_AM_1_10_HQ_transcript/25074	Bm_014	90.094	212	6	3	4	215	84274	84470	7.98e-69	261
AM_HQ_Zamanian_AM_1_10_HQ_transcript/25074	Bm_014	92.241	232	10	5	213	443	84873	85097	3.61e-87	322
AM_HQ_Zamanian_AM_1_10_HQ_transcript/25074	Bm_033	88.525	183	5	3	33	214	34232	34399	1.05e-52	207
AM_HQ_Zamanian_AM_1_10_HQ_transcript/25074	Bm_033	96.552	290	5	3	213	498	34788	35076	2.62e-133	475
AM_HQ_Zamanian_AM_1_10_HQ_transcript/25074	Bm_049	90.094	212	6	3	4	215	33481	33677	7.98e-69	261
AM_HQ_Zamanian_AM_1_10_HQ_transcript/25074	Bm_049	91.810	232	11	5	213	443	34080	34304	1.68e-85	316
AM_HQ_Zamanian_AM_1_10_HQ_transcript/25074	Bm_066	96.216	185	5	2	33	215	31308	31492	4.70e-81	302
AM_HQ_Zamanian_AM_1_10_HQ_transcript/25074	Bm_066	98.621	290	0	1	213	498	31896	32185	7.17e-144	510
AM_HQ_Zamanian_AM_1_10_HQ_transcript/25074	Bm_v4_Chr2_contig_001	100.000	286	0	0	213	498	14172582	14172297	1.98e-149	529
AM_HQ_Zamanian_AM_1_10_HQ_transcript/25074	Bm_v4_Chr2_contig_001	100.000	215	0	0	1	215	14173200	14172986	5.83e-110	398
AM_HQ_Zamanian_AM_1_10_HQ_transcript/25074	Bm_v4_Chr3_scaffold_001	92.241	232	10	5	213	443	10598	10822	3.61e-87	322
AM_HQ_Zamanian_AM_1_10_HQ_transcript/25074	Bm_v4_Chr3_scaffold_001	94.178	292	10	3	213	498	2007135	2006845	3.43e-122	438
AM_HQ_Zamanian_AM_1_10_HQ_transcript/25074	Bm_v4_Chr3_scaffold_001	88.587	184	5	4	33	215	2007706	2007538	2.93e-53	209
AM_HQ_Zamanian_AM_1_10_HQ_transcript/25074	Bm_v4_Chr3_scaffold_001	89.623	212	7	2	4	215	9998	10194	3.71e-67	255
AM_HQ_Zamanian_AM_1_10_HQ_transcript/25074	Bm_v4_Chr4_scaffold_001	92.241	232	10	5	213	443	13394705	13394481	3.61e-87	322
AM_HQ_Zamanian_AM_1_10_HQ_transcript/25074	Bm_v4_Chr4_scaffold_001	90.094	212	6	3	4	215	13395304	13395108	7.98e-69	261
AM_HQ_Zamanian_AM_1_10_HQ_transcript/25074	Bm_v4_Chr4_scaffold_001	91.080	213	10	1	4	216	27655	27858	2.20e-74	279
AM_HQ_Zamanian_AM_1_10_HQ_transcript/25074	Bm_v4_Chr4_scaffold_001	92.050	239	11	4	213	443	28226	28464	2.16e-89	329
AM_HQ_Zamanian_AM_1_10_HQ_transcript/25181	Bm_v4_Chr3_scaffold_001	100.000	241	0	0	406	646	599456	599216	2.69e-124	446
AM_HQ_Zamanian_AM_1_10_HQ_transcript/25181	Bm_v4_Chr3_scaffold_001	100.000	246	0	0	160	405	600225	599980	4.47e-127	455
AM_HQ_Zamanian_AM_1_10_HQ_transcript/25181	Bm_v4_Chr3_scaffold_001	100.000	160	0	0	1	160	600546	600387	2.87e-79	296
AM_HQ_Zamanian_AM_1_10_HQ_transcript/25186	Bm_v4_ChrX_scaffold_001	100.000	88	0	0	1	88	4840367	4840454	3.06e-39	163
AM_HQ_Zamanian_AM_1_10_HQ_transcript/25186	Bm_v4_ChrX_scaffold_001	100.000	267	0	0	88	354	4840681	4840947	9.54e-139	494
AM_HQ_Zamanian_AM_1_10_HQ_transcript/25186	Bm_v4_ChrX_scaffold_001	98.361	122	1	1	345	466	4841009	4841129	2.99e-54	213
AM_HQ_Zamanian_AM_1_10_HQ_transcript/25186	Bm_v4_ChrX_scaffold_001	100.000	190	0	0	462	651	4841291	4841480	6.08e-96	351
AM_HQ_Zamanian_AM_1_10_HQ_transcript/25208	Bm_v4_ChrX_scaffold_001	100.000	89	0	0	1	89	4840366	4840454	8.51e-40	165
AM_HQ_Zamanian_AM_1_10_HQ_transcript/25208	Bm_v4_ChrX_scaffold_001	100.000	267	0	0	89	355	4840681	4840947	9.56e-139	494
AM_HQ_Zamanian_AM_1_10_HQ_transcript/25208	Bm_v4_ChrX_scaffold_001	98.361	122	1	1	346	467	4841009	4841129	3.00e-54	213
AM_HQ_Zamanian_AM_1_10_HQ_transcript/25208	Bm_v4_ChrX_scaffold_001	100.000	190	0	0	463	652	4841291	4841480	6.09e-96	351
AM_HQ_Zamanian_AM_1_10_HQ_transcript/25258	Bm_v4_ChrX_scaffold_001	100.000	246	0	0	150	395	7838943	7838698	2.67e-127	455
AM_HQ_Zamanian_AM_1_10_HQ_transcript/25258	Bm_v4_ChrX_scaffold_001	100.000	152	0	0	1	152	7839438	7839287	4.79e-75	281
AM_HQ_Zamanian_AM_1_10_HQ_transcript/25558	Bm_v4_ChrX_scaffold_001	100.000	250	0	0	182	431	14823297	14823048	1.75e-129	462
AM_HQ_Zamanian_AM_1_10_HQ_transcript/25558	Bm_v4_ChrX_scaffold_001	100.000	77	0	0	106	182	14823516	14823440	2.59e-33	143
AM_HQ_Zamanian_AM_1_10_HQ_transcript/25558	Bm_v4_ChrX_scaffold_001	99.074	108	1	0	1	108	14823892	14823785	7.04e-49	195
AM_HQ_Zamanian_AM_1_10_HQ_transcript/25579	Bm_v4_ChrX_scaffold_001	100.000	89	0	0	1	89	4840366	4840454	6.01e-40	165
AM_HQ_Zamanian_AM_1_10_HQ_transcript/25579	Bm_v4_ChrX_scaffold_001	100.000	82	0	0	89	170	4840681	4840762	4.68e-36	152
AM_HQ_Zamanian_AM_1_10_HQ_transcript/25579	Bm_v4_ChrX_scaffold_001	100.000	114	0	0	169	282	4841016	4841129	7.61e-54	211
AM_HQ_Zamanian_AM_1_10_HQ_transcript/25579	Bm_v4_ChrX_scaffold_001	100.000	190	0	0	278	467	4841291	4841480	4.30e-96	351
AM_HQ_Zamanian_AM_1_10_HQ_transcript/25588	Bm_v4_ChrX_scaffold_001	100.000	281	0	0	150	430	7838943	7838663	1.02e-146	520
AM_HQ_Zamanian_AM_1_10_HQ_transcript/25588	Bm_v4_ChrX_scaffold_001	100.000	152	0	0	1	152	7839438	7839287	5.24e-75	281
AM_HQ_Zamanian_AM_1_10_HQ_transcript/25685	Bm_v4_Chr1_scaffold_001	100.000	456	0	0	1	456	1308977	1309432	0.0	843
AM_HQ_Zamanian_AM_1_10_HQ_transcript/25685	Bm_v4_Chr1_scaffold_001	100.000	181	0	0	457	637	1310387	1310567	5.99e-91	335
AM_HQ_Zamanian_AM_1_10_HQ_transcript/25687	Bm_v4_ChrX_scaffold_001	98.485	132	1	1	442	573	23107291	23107161	7.25e-60	231
AM_HQ_Zamanian_AM_1_10_HQ_transcript/25687	Bm_v4_ChrX_scaffold_001	100.000	128	0	0	323	450	23107867	23107740	1.56e-61	237
AM_HQ_Zamanian_AM_1_10_HQ_transcript/25687	Bm_v4_ChrX_scaffold_001	100.000	115	0	0	209	323	23108232	23108118	2.62e-54	213
AM_HQ_Zamanian_AM_1_10_HQ_transcript/25687	Bm_v4_ChrX_scaffold_001	100.000	176	0	0	33	208	23108811	23108636	3.23e-88	326
AM_HQ_Zamanian_AM_1_10_HQ_transcript/25687	Bm_v4_ChrX_scaffold_001	100.000	32	0	0	1	32	23108981	23108950	3.62e-08	60.2
AM_HQ_Zamanian_AM_1_10_HQ_transcript/25737	Bm_v4_ChrX_scaffold_001	99.517	207	0	1	293	499	14607442	14607237	2.74e-103	375
AM_HQ_Zamanian_AM_1_10_HQ_transcript/25737	Bm_v4_ChrX_scaffold_001	100.000	299	0	0	1	299	14608041	14607743	1.18e-156	553
AM_HQ_Zamanian_AM_1_10_HQ_transcript/25739	Bm_v4_ChrX_scaffold_001	100.000	281	0	0	149	429	7838943	7838663	1.02e-146	520
AM_HQ_Zamanian_AM_1_10_HQ_transcript/25739	Bm_v4_ChrX_scaffold_001	100.000	151	0	0	1	151	7839437	7839287	1.88e-74	279
AM_HQ_Zamanian_AM_1_10_HQ_transcript/25889	Bm_v4_ChrX_scaffold_001	100.000	281	0	0	150	430	7838943	7838663	1.02e-146	520
AM_HQ_Zamanian_AM_1_10_HQ_transcript/25889	Bm_v4_ChrX_scaffold_001	100.000	152	0	0	1	152	7839438	7839287	5.24e-75	281
AM_HQ_Zamanian_AM_1_10_HQ_transcript/25893	Bm_v4_ChrX_scaffold_001	100.000	482	0	0	1	482	7821098	7821579	0.0	891
AM_HQ_Zamanian_AM_1_10_HQ_transcript/25893	Bm_v4_ChrX_scaffold_001	100.000	65	0	0	483	547	7822325	7822389	1.56e-26	121
AM_HQ_Zamanian_AM_1_10_HQ_transcript/26110	Bm_v4_ChrX_scaffold_001	100.000	482	0	0	1	482	7821098	7821579	0.0	891
AM_HQ_Zamanian_AM_1_10_HQ_transcript/26110	Bm_v4_ChrX_scaffold_001	100.000	65	0	0	483	547	7822325	7822389	1.56e-26	121
AM_HQ_Zamanian_AM_1_10_HQ_transcript/26114	Bm_v4_ChrX_scaffold_001	100.000	250	0	0	173	422	14823297	14823048	1.71e-129	462
AM_HQ_Zamanian_AM_1_10_HQ_transcript/26114	Bm_v4_ChrX_scaffold_001	100.000	77	0	0	97	173	14823516	14823440	2.53e-33	143
AM_HQ_Zamanian_AM_1_10_HQ_transcript/26114	Bm_v4_ChrX_scaffold_001	98.990	99	1	0	1	99	14823892	14823794	6.94e-44	178
AM_HQ_Zamanian_AM_1_10_HQ_transcript/26190	Bm_v4_Chr2_contig_001	100.000	159	0	0	187	345	1207494	1207336	5.32e-79	294
AM_HQ_Zamanian_AM_1_10_HQ_transcript/26190	Bm_v4_Chr2_contig_001	100.000	75	0	0	113	187	1207794	1207720	2.64e-32	139
AM_HQ_Zamanian_AM_1_10_HQ_transcript/26190	Bm_v4_Chr2_contig_001	100.000	115	0	0	1	115	1208156	1208042	1.53e-54	213
AM_HQ_Zamanian_AM_1_10_HQ_transcript/26315	Bm_v4_Chr4_scaffold_001	100.000	58	0	0	1	58	5751705	5751762	1.13e-22	108
AM_HQ_Zamanian_AM_1_10_HQ_transcript/26315	Bm_v4_Chr4_scaffold_001	100.000	140	0	0	57	196	5751922	5752061	2.95e-68	259
AM_HQ_Zamanian_AM_1_10_HQ_transcript/26315	Bm_v4_Chr4_scaffold_001	100.000	69	0	0	196	264	5752170	5752238	8.67e-29	128
AM_HQ_Zamanian_AM_1_10_HQ_transcript/26315	Bm_v4_Chr4_scaffold_001	100.000	78	0	0	265	342	5752589	5752666	8.61e-34	145
AM_HQ_Zamanian_AM_1_10_HQ_transcript/26315	Bm_v4_Chr4_scaffold_001	100.000	170	0	0	342	511	5753127	5753296	6.20e-85	315
AM_HQ_Zamanian_AM_1_10_HQ_transcript/26329	Bm_v4_ChrX_scaffold_001	100.000	428	0	0	1	428	7821152	7821579	0.0	791
AM_HQ_Zamanian_AM_1_10_HQ_transcript/26329	Bm_v4_ChrX_scaffold_001	100.000	65	0	0	429	493	7822325	7822389	1.40e-26	121
AM_HQ_Zamanian_AM_1_10_HQ_transcript/26347	Bm_007	98.889	180	2	0	1	180	24694	24873	3.04e-87	322
AM_HQ_Zamanian_AM_1_10_HQ_transcript/26347	Bm_007	93.220	236	5	2	178	402	25277	25512	1.08e-91	337
AM_HQ_Zamanian_AM_1_10_HQ_transcript/26347	Bm_008	98.333	180	3	0	1	180	30683	30862	1.41e-85	316
AM_HQ_Zamanian_AM_1_10_HQ_transcript/26347	Bm_008	100.000	246	0	0	178	423	31266	31511	2.87e-127	455
AM_HQ_Zamanian_AM_1_10_HQ_transcript/26347	Bm_011	100.000	180	0	0	1	180	47369	47548	1.40e-90	333
AM_HQ_Zamanian_AM_1_10_HQ_transcript/26347	Bm_011	100.000	246	0	0	178	423	47951	48196	2.87e-127	455
AM_HQ_Zamanian_AM_1_10_HQ_transcript/26347	Bm_014	100.000	180	0	0	1	180	84291	84470	1.40e-90	333
AM_HQ_Zamanian_AM_1_10_HQ_transcript/26347	Bm_014	100.000	246	0	0	178	423	84873	85118	2.87e-127	455
AM_HQ_Zamanian_AM_1_10_HQ_transcript/26347	Bm_033	97.024	168	4	1	13	179	34232	34399	5.15e-75	281
AM_HQ_Zamanian_AM_1_10_HQ_transcript/26347	Bm_033	93.061	245	5	5	178	411	34788	35031	5.01e-95	348
AM_HQ_Zamanian_AM_1_10_HQ_transcript/26347	Bm_049	100.000	180	0	0	1	180	33498	33677	1.40e-90	333
AM_HQ_Zamanian_AM_1_10_HQ_transcript/26347	Bm_049	99.593	246	1	0	178	423	34080	34325	1.33e-125	449
AM_HQ_Zamanian_AM_1_10_HQ_transcript/26347	Bm_066	89.730	185	2	5	13	180	31308	31492	1.14e-56	220
AM_HQ_Zamanian_AM_1_10_HQ_transcript/26347	Bm_066	93.220	236	4	3	178	402	31896	32130	1.08e-91	337
AM_HQ_Zamanian_AM_1_10_HQ_transcript/26347	Bm_v4_Chr2_contig_001	92.241	232	10	5	178	402	14172582	14172352	3.04e-87	322
AM_HQ_Zamanian_AM_1_10_HQ_transcript/26347	Bm_v4_Chr2_contig_001	89.744	195	5	3	1	180	14173180	14172986	4.07e-61	235
AM_HQ_Zamanian_AM_1_10_HQ_transcript/26347	Bm_v4_Chr3_scaffold_001	98.333	180	3	0	1	180	10015	10194	1.41e-85	316
AM_HQ_Zamanian_AM_1_10_HQ_transcript/26347	Bm_v4_Chr3_scaffold_001	100.000	246	0	0	178	423	10598	10843	2.87e-127	455
AM_HQ_Zamanian_AM_1_10_HQ_transcript/26347	Bm_v4_Chr3_scaffold_001	89.030	237	13	4	178	402	2007135	2006900	5.15e-75	281
AM_HQ_Zamanian_AM_1_10_HQ_transcript/26347	Bm_v4_Chr3_scaffold_001	98.225	169	2	1	13	180	2007706	2007538	6.62e-79	294
AM_HQ_Zamanian_AM_1_10_HQ_transcript/26347	Bm_v4_Chr4_scaffold_001	100.000	246	0	0	178	423	13394705	13394460	2.87e-127	455
AM_HQ_Zamanian_AM_1_10_HQ_transcript/26347	Bm_v4_Chr4_scaffold_001	100.000	180	0	0	1	180	13395287	13395108	1.40e-90	333
AM_HQ_Zamanian_AM_1_10_HQ_transcript/26347	Bm_v4_Chr4_scaffold_001	92.513	187	8	1	1	181	27672	27858	1.87e-69	263
AM_HQ_Zamanian_AM_1_10_HQ_transcript/26347	Bm_v4_Chr4_scaffold_001	91.154	260	9	5	178	423	28226	28485	8.38e-93	340
AM_HQ_Zamanian_AM_1_10_HQ_transcript/26475	Bm_v4_ChrX_scaffold_001	100.000	246	0	0	150	395	7838943	7838698	2.67e-127	455
AM_HQ_Zamanian_AM_1_10_HQ_transcript/26475	Bm_v4_ChrX_scaffold_001	100.000	152	0	0	1	152	7839438	7839287	4.79e-75	281
AM_HQ_Zamanian_AM_1_10_HQ_transcript/26504	Bm_v4_Chr1_scaffold_001	100.000	321	0	0	123	443	7565984	7565664	6.12e-169	593
AM_HQ_Zamanian_AM_1_10_HQ_transcript/26504	Bm_v4_Chr1_scaffold_001	100.000	123	0	0	1	123	7566573	7566451	7.15e-59	228
AM_HQ_Zamanian_AM_1_10_HQ_transcript/26649	Bm_v4_ChrX_scaffold_001	100.000	339	0	0	126	464	15512563	15512225	6.34e-179	627
AM_HQ_Zamanian_AM_1_10_HQ_transcript/26649	Bm_v4_ChrX_scaffold_001	99.231	130	1	0	1	130	15512912	15512783	4.49e-61	235
AM_HQ_Zamanian_AM_1_10_HQ_transcript/26688	Bm_v4_Chr1_scaffold_001	100.000	326	0	0	130	455	7565984	7565659	1.05e-171	603
AM_HQ_Zamanian_AM_1_10_HQ_transcript/26688	Bm_v4_Chr1_scaffold_001	100.000	130	0	0	1	130	7566580	7566451	9.45e-63	241
AM_HQ_Zamanian_AM_1_10_HQ_transcript/26697	Bm_v4_ChrX_scaffold_001	100.000	281	0	0	148	428	7838943	7838663	1.02e-146	520
AM_HQ_Zamanian_AM_1_10_HQ_transcript/26697	Bm_v4_ChrX_scaffold_001	100.000	150	0	0	1	150	7839436	7839287	6.75e-74	278
AM_HQ_Zamanian_AM_1_10_HQ_transcript/26770	Bm_v4_ChrX_scaffold_001	100.000	246	0	0	150	395	7838943	7838698	2.67e-127	455
AM_HQ_Zamanian_AM_1_10_HQ_transcript/26770	Bm_v4_ChrX_scaffold_001	100.000	152	0	0	1	152	7839438	7839287	4.79e-75	281
AM_HQ_Zamanian_AM_1_10_HQ_transcript/26772	Bm_v4_ChrX_scaffold_001	100.000	428	0	0	1	428	7821152	7821579	0.0	791
AM_HQ_Zamanian_AM_1_10_HQ_transcript/26772	Bm_v4_ChrX_scaffold_001	100.000	65	0	0	429	493	7822325	7822389	1.40e-26	121
AM_HQ_Zamanian_AM_1_10_HQ_transcript/26907	Bm_v4_ChrX_scaffold_001	100.000	428	0	0	1	428	7821152	7821579	0.0	791
AM_HQ_Zamanian_AM_1_10_HQ_transcript/26907	Bm_v4_ChrX_scaffold_001	100.000	65	0	0	429	493	7822325	7822389	1.40e-26	121
AM_HQ_Zamanian_AM_1_10_HQ_transcript/27058	Bm_v4_ChrX_scaffold_001	100.000	471	0	0	1	471	7821109	7821579	0.0	870
AM_HQ_Zamanian_AM_1_10_HQ_transcript/27058	Bm_v4_ChrX_scaffold_001	100.000	65	0	0	472	536	7822325	7822389	1.53e-26	121
AM_HQ_Zamanian_AM_1_10_HQ_transcript/27090	Bm_v4_Chr1_scaffold_001	100.000	321	0	0	130	450	7565984	7565664	6.22e-169	593
AM_HQ_Zamanian_AM_1_10_HQ_transcript/27090	Bm_v4_Chr1_scaffold_001	100.000	130	0	0	1	130	7566580	7566451	9.34e-63	241
AM_HQ_Zamanian_AM_1_10_HQ_transcript/27273	Bm_v4_ChrX_scaffold_001	100.000	281	0	0	150	430	7838943	7838663	1.02e-146	520
AM_HQ_Zamanian_AM_1_10_HQ_transcript/27273	Bm_v4_ChrX_scaffold_001	100.000	152	0	0	1	152	7839438	7839287	5.24e-75	281
AM_HQ_Zamanian_AM_1_10_HQ_transcript/27339	Bm_v4_ChrX_scaffold_001	100.000	428	0	0	1	428	7821152	7821579	0.0	791
AM_HQ_Zamanian_AM_1_10_HQ_transcript/27339	Bm_v4_ChrX_scaffold_001	100.000	65	0	0	429	493	7822325	7822389	1.40e-26	121
AM_HQ_Zamanian_AM_1_10_HQ_transcript/27468	Bm_v4_Chr2_contig_001	100.000	156	0	0	187	342	1207494	1207339	2.45e-77	289
AM_HQ_Zamanian_AM_1_10_HQ_transcript/27468	Bm_v4_Chr2_contig_001	100.000	75	0	0	113	187	1207794	1207720	2.61e-32	139
AM_HQ_Zamanian_AM_1_10_HQ_transcript/27468	Bm_v4_Chr2_contig_001	100.000	115	0	0	1	115	1208156	1208042	1.52e-54	213
AM_HQ_Zamanian_AM_1_10_HQ_transcript/27491	Bm_v4_ChrX_scaffold_001	100.000	281	0	0	150	430	7838943	7838663	1.02e-146	520
AM_HQ_Zamanian_AM_1_10_HQ_transcript/27491	Bm_v4_ChrX_scaffold_001	100.000	152	0	0	1	152	7839438	7839287	5.24e-75	281
AM_HQ_Zamanian_AM_1_10_HQ_transcript/27591	Bm_v4_Chr4_scaffold_001	100.000	58	0	0	1	58	5751705	5751762	1.21e-22	108
AM_HQ_Zamanian_AM_1_10_HQ_transcript/27591	Bm_v4_Chr4_scaffold_001	100.000	140	0	0	57	196	5751922	5752061	3.15e-68	259
AM_HQ_Zamanian_AM_1_10_HQ_transcript/27591	Bm_v4_Chr4_scaffold_001	100.000	69	0	0	196	264	5752170	5752238	9.28e-29	128
AM_HQ_Zamanian_AM_1_10_HQ_transcript/27591	Bm_v4_Chr4_scaffold_001	100.000	78	0	0	265	342	5752589	5752666	9.21e-34	145
AM_HQ_Zamanian_AM_1_10_HQ_transcript/27591	Bm_v4_Chr4_scaffold_001	100.000	204	0	0	342	545	5753127	5753330	8.34e-104	377
AM_HQ_Zamanian_AM_1_10_HQ_transcript/27675	Bm_v4_ChrX_scaffold_001	100.000	424	0	0	1	424	7821156	7821579	0.0	784
AM_HQ_Zamanian_AM_1_10_HQ_transcript/27675	Bm_v4_ChrX_scaffold_001	100.000	65	0	0	425	489	7822325	7822389	1.39e-26	121
AM_HQ_Zamanian_AM_1_10_HQ_transcript/27680	Bm_v4_ChrX_scaffold_001	100.000	412	0	0	1	412	7821168	7821579	0.0	761
AM_HQ_Zamanian_AM_1_10_HQ_transcript/27680	Bm_v4_ChrX_scaffold_001	100.000	65	0	0	413	477	7822325	7822389	1.35e-26	121
AM_HQ_Zamanian_AM_1_10_HQ_transcript/27808	Bm_v4_ChrX_scaffold_001	100.000	246	0	0	150	395	7838943	7838698	2.67e-127	455
AM_HQ_Zamanian_AM_1_10_HQ_transcript/27808	Bm_v4_ChrX_scaffold_001	100.000	152	0	0	1	152	7839438	7839287	4.79e-75	281
AM_HQ_Zamanian_AM_1_10_HQ_transcript/27831	Bm_v4_ChrX_scaffold_001	100.000	377	0	0	1	377	7821203	7821579	0.0	697
AM_HQ_Zamanian_AM_1_10_HQ_transcript/27831	Bm_v4_ChrX_scaffold_001	100.000	65	0	0	378	442	7822325	7822389	1.25e-26	121
AM_HQ_Zamanian_AM_1_10_HQ_transcript/27943	Bm_v4_ChrX_scaffold_001	100.000	377	0	0	1	377	7821203	7821579	0.0	697
AM_HQ_Zamanian_AM_1_10_HQ_transcript/27943	Bm_v4_ChrX_scaffold_001	100.000	65	0	0	378	442	7822325	7822389	1.25e-26	121
AM_HQ_Zamanian_AM_1_10_HQ_transcript/28009	Bm_v4_Chr4_scaffold_001	100.000	194	0	0	83	276	12545746	12545553	1.46e-98	359
AM_HQ_Zamanian_AM_1_10_HQ_transcript/28009	Bm_v4_Chr4_scaffold_001	100.000	83	0	0	1	83	12546066	12545984	7.39e-37	154
AM_HQ_Zamanian_AM_1_10_HQ_transcript/28050	Bm_v4_ChrX_scaffold_001	100.000	281	0	0	150	430	7838943	7838663	1.02e-146	520
AM_HQ_Zamanian_AM_1_10_HQ_transcript/28050	Bm_v4_ChrX_scaffold_001	100.000	152	0	0	1	152	7839438	7839287	5.24e-75	281
AM_HQ_Zamanian_AM_1_10_HQ_transcript/28088	Bm_v4_ChrX_scaffold_001	100.000	424	0	0	1	424	7821156	7821579	0.0	784
AM_HQ_Zamanian_AM_1_10_HQ_transcript/28088	Bm_v4_ChrX_scaffold_001	100.000	65	0	0	425	489	7822325	7822389	1.39e-26	121
AM_HQ_Zamanian_AM_1_10_HQ_transcript/28168	Bm_v4_Chr1_scaffold_001	100.000	69	0	0	102	170	8938968	8938900	4.96e-29	128
AM_HQ_Zamanian_AM_1_10_HQ_transcript/28168	Bm_v4_Chr1_scaffold_001	100.000	69	0	0	169	237	8939035	8938967	4.96e-29	128
AM_HQ_Zamanian_AM_1_10_HQ_transcript/28168	Bm_v4_Chr1_scaffold_001	99.595	247	1	0	57	303	8939080	8938834	2.59e-126	451
AM_HQ_Zamanian_AM_1_10_HQ_transcript/28168	Bm_v4_Chr1_scaffold_001	100.000	60	0	0	1	60	8939233	8939174	5.00e-24	111
AM_HQ_Zamanian_AM_1_10_HQ_transcript/28172	Bm_v4_Chr1_scaffold_001	100.000	386	0	0	133	518	96924	96539	0.0	713
AM_HQ_Zamanian_AM_1_10_HQ_transcript/28172	Bm_v4_Chr1_scaffold_001	100.000	135	0	0	1	135	97245	97111	1.80e-65	250
AM_HQ_Zamanian_AM_1_10_HQ_transcript/28243	Bm_v4_Chr1_scaffold_001	100.000	55	0	0	1	55	5974097	5974151	5.16e-21	102
AM_HQ_Zamanian_AM_1_10_HQ_transcript/28243	Bm_v4_Chr1_scaffold_001	100.000	168	0	0	56	223	5974313	5974480	7.87e-84	311
AM_HQ_Zamanian_AM_1_10_HQ_transcript/28243	Bm_v4_Chr1_scaffold_001	100.000	73	0	0	222	294	5975027	5975099	5.09e-31	135
AM_HQ_Zamanian_AM_1_10_HQ_transcript/28243	Bm_v4_Chr1_scaffold_001	100.000	209	0	0	294	502	5975268	5975476	1.27e-106	387
AM_HQ_Zamanian_AM_1_10_HQ_transcript/28256	Bm_v4_Chr4_scaffold_001	100.000	123	0	0	1	123	12940788	12940910	8.35e-59	228
AM_HQ_Zamanian_AM_1_10_HQ_transcript/28256	Bm_v4_Chr4_scaffold_001	100.000	57	0	0	124	180	12941574	12941630	4.08e-22	106
AM_HQ_Zamanian_AM_1_10_HQ_transcript/28256	Bm_v4_Chr4_scaffold_001	100.000	334	0	0	180	513	12941783	12942116	4.24e-176	617
AM_HQ_Zamanian_AM_1_10_HQ_transcript/28299	Bm_v4_Chr2_contig_001	100.000	228	0	0	265	492	5683685	5683458	3.41e-117	422
AM_HQ_Zamanian_AM_1_10_HQ_transcript/28299	Bm_v4_Chr2_contig_001	100.000	143	0	0	123	265	5684327	5684185	6.09e-70	265
AM_HQ_Zamanian_AM_1_10_HQ_transcript/28299	Bm_v4_Chr2_contig_001	100.000	125	0	0	1	125	5684782	5684658	6.17e-60	231
AM_HQ_Zamanian_AM_1_10_HQ_transcript/28301	Bm_v4_ChrX_scaffold_001	100.000	229	0	0	1	229	6808161	6808389	9.55e-118	424
AM_HQ_Zamanian_AM_1_10_HQ_transcript/28301	Bm_v4_ChrX_scaffold_001	100.000	267	0	0	229	495	6809236	6809502	7.18e-139	494
AM_HQ_Zamanian_AM_1_10_HQ_transcript/28407	Bm_v4_ChrX_scaffold_001	100.000	246	0	0	150	395	7838943	7838698	2.67e-127	455
AM_HQ_Zamanian_AM_1_10_HQ_transcript/28407	Bm_v4_ChrX_scaffold_001	100.000	152	0	0	1	152	7839438	7839287	4.79e-75	281
AM_HQ_Zamanian_AM_1_10_HQ_transcript/28539	Bm_v4_ChrX_scaffold_001	100.000	377	0	0	1	377	7821203	7821579	0.0	697
AM_HQ_Zamanian_AM_1_10_HQ_transcript/28539	Bm_v4_ChrX_scaffold_001	100.000	65	0	0	378	442	7822325	7822389	1.25e-26	121
AM_HQ_Zamanian_AM_1_10_HQ_transcript/28685	Bm_v4_Chr2_contig_001	100.000	228	0	0	150	377	5683687	5683460	2.57e-117	422
AM_HQ_Zamanian_AM_1_10_HQ_transcript/28685	Bm_v4_Chr2_contig_001	100.000	152	0	0	1	152	5684808	5684657	4.56e-75	281
AM_HQ_Zamanian_AM_1_10_HQ_transcript/28707	Bm_v4_Chr2_contig_001	100.000	156	0	0	187	342	1207494	1207339	2.45e-77	289
AM_HQ_Zamanian_AM_1_10_HQ_transcript/28707	Bm_v4_Chr2_contig_001	100.000	75	0	0	113	187	1207794	1207720	2.61e-32	139
AM_HQ_Zamanian_AM_1_10_HQ_transcript/28707	Bm_v4_Chr2_contig_001	100.000	115	0	0	1	115	1208156	1208042	1.52e-54	213
AM_HQ_Zamanian_AM_1_10_HQ_transcript/28741	Bm_007	99.043	209	2	0	1	209	24665	24873	2.46e-103	375
AM_HQ_Zamanian_AM_1_10_HQ_transcript/28741	Bm_007	93.220	236	5	2	207	431	25277	25512	1.16e-91	337
AM_HQ_Zamanian_AM_1_10_HQ_transcript/28741	Bm_008	98.565	209	3	0	1	209	30654	30862	1.15e-101	370
AM_HQ_Zamanian_AM_1_10_HQ_transcript/28741	Bm_008	100.000	246	0	0	207	452	31266	31511	3.08e-127	455
AM_HQ_Zamanian_AM_1_10_HQ_transcript/28741	Bm_011	100.000	209	0	0	1	209	47340	47548	1.14e-106	387
AM_HQ_Zamanian_AM_1_10_HQ_transcript/28741	Bm_011	100.000	246	0	0	207	452	47951	48196	3.08e-127	455
AM_HQ_Zamanian_AM_1_10_HQ_transcript/28741	Bm_014	100.000	209	0	0	1	209	84262	84470	1.14e-106	387
AM_HQ_Zamanian_AM_1_10_HQ_transcript/28741	Bm_014	100.000	246	0	0	207	452	84873	85118	3.08e-127	455
AM_HQ_Zamanian_AM_1_10_HQ_transcript/28741	Bm_033	97.024	168	4	1	42	208	34232	34399	5.53e-75	281
AM_HQ_Zamanian_AM_1_10_HQ_transcript/28741	Bm_033	93.061	245	5	5	207	440	34788	35031	5.37e-95	348
AM_HQ_Zamanian_AM_1_10_HQ_transcript/28741	Bm_049	100.000	209	0	0	1	209	33469	33677	1.14e-106	387
AM_HQ_Zamanian_AM_1_10_HQ_transcript/28741	Bm_049	99.593	246	1	0	207	452	34080	34325	1.43e-125	449
AM_HQ_Zamanian_AM_1_10_HQ_transcript/28741	Bm_066	100.000	33	0	0	1	33	31291	31323	7.84e-09	62.1
AM_HQ_Zamanian_AM_1_10_HQ_transcript/28741	Bm_066	89.730	185	2	5	42	209	31308	31492	1.22e-56	220
AM_HQ_Zamanian_AM_1_10_HQ_transcript/28741	Bm_066	93.220	236	4	3	207	431	31896	32130	1.16e-91	337
AM_HQ_Zamanian_AM_1_10_HQ_transcript/28741	Bm_v4_Chr2_contig_001	92.241	232	10	5	207	431	14172582	14172352	3.26e-87	322
AM_HQ_Zamanian_AM_1_10_HQ_transcript/28741	Bm_v4_Chr2_contig_001	89.593	221	8	3	4	209	14173206	14172986	1.55e-70	267
AM_HQ_Zamanian_AM_1_10_HQ_transcript/28741	Bm_v4_Chr3_scaffold_001	100.000	246	0	0	207	452	10598	10843	3.08e-127	455
AM_HQ_Zamanian_AM_1_10_HQ_transcript/28741	Bm_v4_Chr3_scaffold_001	89.030	237	13	4	207	431	2007135	2006900	5.53e-75	281
AM_HQ_Zamanian_AM_1_10_HQ_transcript/28741	Bm_v4_Chr3_scaffold_001	98.225	169	2	1	42	209	2007706	2007538	7.10e-79	294
AM_HQ_Zamanian_AM_1_10_HQ_transcript/28741	Bm_v4_Chr3_scaffold_001	98.565	209	3	0	1	209	9986	10194	1.15e-101	370
AM_HQ_Zamanian_AM_1_10_HQ_transcript/28741	Bm_v4_Chr4_scaffold_001	100.000	246	0	0	207	452	13394705	13394460	3.08e-127	455
AM_HQ_Zamanian_AM_1_10_HQ_transcript/28741	Bm_v4_Chr4_scaffold_001	100.000	209	0	0	1	209	13395316	13395108	1.14e-106	387
AM_HQ_Zamanian_AM_1_10_HQ_transcript/28741	Bm_v4_Chr4_scaffold_001	92.453	212	9	2	5	210	27648	27858	1.97e-79	296
AM_HQ_Zamanian_AM_1_10_HQ_transcript/28741	Bm_v4_Chr4_scaffold_001	91.154	260	9	5	207	452	28226	28485	8.99e-93	340
AM_HQ_Zamanian_AM_1_10_HQ_transcript/28809	Bm_v4_ChrX_scaffold_001	100.000	338	0	0	126	463	15512563	15512226	2.27e-178	625
AM_HQ_Zamanian_AM_1_10_HQ_transcript/28809	Bm_v4_ChrX_scaffold_001	99.231	130	1	0	1	130	15512912	15512783	4.48e-61	235
AM_HQ_Zamanian_AM_1_10_HQ_transcript/28911	Bm_007	99.043	209	2	0	1	209	24665	24873	2.46e-103	375
AM_HQ_Zamanian_AM_1_10_HQ_transcript/28911	Bm_007	93.220	236	5	2	207	431	25277	25512	1.16e-91	337
AM_HQ_Zamanian_AM_1_10_HQ_transcript/28911	Bm_008	98.565	209	3	0	1	209	30654	30862	1.15e-101	370
AM_HQ_Zamanian_AM_1_10_HQ_transcript/28911	Bm_008	100.000	246	0	0	207	452	31266	31511	3.08e-127	455
AM_HQ_Zamanian_AM_1_10_HQ_transcript/28911	Bm_011	100.000	209	0	0	1	209	47340	47548	1.14e-106	387
AM_HQ_Zamanian_AM_1_10_HQ_transcript/28911	Bm_011	100.000	246	0	0	207	452	47951	48196	3.08e-127	455
AM_HQ_Zamanian_AM_1_10_HQ_transcript/28911	Bm_014	100.000	209	0	0	1	209	84262	84470	1.14e-106	387
AM_HQ_Zamanian_AM_1_10_HQ_transcript/28911	Bm_014	100.000	246	0	0	207	452	84873	85118	3.08e-127	455
AM_HQ_Zamanian_AM_1_10_HQ_transcript/28911	Bm_033	97.024	168	4	1	42	208	34232	34399	5.53e-75	281
AM_HQ_Zamanian_AM_1_10_HQ_transcript/28911	Bm_033	93.061	245	5	5	207	440	34788	35031	5.37e-95	348
AM_HQ_Zamanian_AM_1_10_HQ_transcript/28911	Bm_049	100.000	209	0	0	1	209	33469	33677	1.14e-106	387
AM_HQ_Zamanian_AM_1_10_HQ_transcript/28911	Bm_049	99.593	246	1	0	207	452	34080	34325	1.43e-125	449
AM_HQ_Zamanian_AM_1_10_HQ_transcript/28911	Bm_066	100.000	33	0	0	1	33	31291	31323	7.84e-09	62.1
AM_HQ_Zamanian_AM_1_10_HQ_transcript/28911	Bm_066	89.730	185	2	5	42	209	31308	31492	1.22e-56	220
AM_HQ_Zamanian_AM_1_10_HQ_transcript/28911	Bm_066	93.220	236	4	3	207	431	31896	32130	1.16e-91	337
AM_HQ_Zamanian_AM_1_10_HQ_transcript/28911	Bm_v4_Chr2_contig_001	92.241	232	10	5	207	431	14172582	14172352	3.26e-87	322
AM_HQ_Zamanian_AM_1_10_HQ_transcript/28911	Bm_v4_Chr2_contig_001	89.593	221	8	3	4	209	14173206	14172986	1.55e-70	267
AM_HQ_Zamanian_AM_1_10_HQ_transcript/28911	Bm_v4_Chr3_scaffold_001	100.000	246	0	0	207	452	10598	10843	3.08e-127	455
AM_HQ_Zamanian_AM_1_10_HQ_transcript/28911	Bm_v4_Chr3_scaffold_001	89.030	237	13	4	207	431	2007135	2006900	5.53e-75	281
AM_HQ_Zamanian_AM_1_10_HQ_transcript/28911	Bm_v4_Chr3_scaffold_001	98.225	169	2	1	42	209	2007706	2007538	7.10e-79	294
AM_HQ_Zamanian_AM_1_10_HQ_transcript/28911	Bm_v4_Chr3_scaffold_001	98.565	209	3	0	1	209	9986	10194	1.15e-101	370
AM_HQ_Zamanian_AM_1_10_HQ_transcript/28911	Bm_v4_Chr4_scaffold_001	100.000	246	0	0	207	452	13394705	13394460	3.08e-127	455
AM_HQ_Zamanian_AM_1_10_HQ_transcript/28911	Bm_v4_Chr4_scaffold_001	100.000	209	0	0	1	209	13395316	13395108	1.14e-106	387
AM_HQ_Zamanian_AM_1_10_HQ_transcript/28911	Bm_v4_Chr4_scaffold_001	92.453	212	9	2	5	210	27648	27858	1.97e-79	296
AM_HQ_Zamanian_AM_1_10_HQ_transcript/28911	Bm_v4_Chr4_scaffold_001	91.154	260	9	5	207	452	28226	28485	8.99e-93	340
AM_HQ_Zamanian_AM_1_10_HQ_transcript/28936	Bm_v4_Chr2_contig_001	100.000	264	0	0	199	462	633995	633732	3.11e-137	488
AM_HQ_Zamanian_AM_1_10_HQ_transcript/28936	Bm_v4_Chr2_contig_001	100.000	198	0	0	1	198	634613	634416	1.52e-100	366
AM_HQ_Zamanian_AM_1_10_HQ_transcript/28980	Bm_v4_Chr1_scaffold_001	100.000	321	0	0	130	450	7565984	7565664	6.22e-169	593
AM_HQ_Zamanian_AM_1_10_HQ_transcript/28980	Bm_v4_Chr1_scaffold_001	100.000	130	0	0	1	130	7566580	7566451	9.34e-63	241
AM_HQ_Zamanian_AM_1_10_HQ_transcript/28989	Bm_v4_ChrX_scaffold_001	100.000	89	0	0	1	89	4840366	4840454	6.01e-40	165
AM_HQ_Zamanian_AM_1_10_HQ_transcript/28989	Bm_v4_ChrX_scaffold_001	100.000	82	0	0	89	170	4840681	4840762	4.68e-36	152
AM_HQ_Zamanian_AM_1_10_HQ_transcript/28989	Bm_v4_ChrX_scaffold_001	100.000	114	0	0	169	282	4841016	4841129	7.61e-54	211
AM_HQ_Zamanian_AM_1_10_HQ_transcript/28989	Bm_v4_ChrX_scaffold_001	100.000	190	0	0	278	467	4841291	4841480	4.30e-96	351
AM_HQ_Zamanian_AM_1_10_HQ_transcript/29163	Bm_v4_Chr2_contig_001	100.000	228	0	0	152	379	5683687	5683460	2.59e-117	422
AM_HQ_Zamanian_AM_1_10_HQ_transcript/29163	Bm_v4_Chr2_contig_001	100.000	154	0	0	1	154	5684810	5684657	3.54e-76	285
AM_HQ_Zamanian_AM_1_10_HQ_transcript/29229	Bm_v4_Chr3_scaffold_001	100.000	244	0	0	177	420	599459	599216	3.68e-126	451
AM_HQ_Zamanian_AM_1_10_HQ_transcript/29229	Bm_v4_Chr3_scaffold_001	100.000	93	0	0	87	179	600225	600133	3.21e-42	172
AM_HQ_Zamanian_AM_1_10_HQ_transcript/29229	Bm_v4_Chr3_scaffold_001	100.000	87	0	0	1	87	600473	600387	6.95e-39	161
AM_HQ_Zamanian_AM_1_10_HQ_transcript/29354	Bm_v4_ChrX_scaffold_001	100.000	281	0	0	150	430	7838943	7838663	1.02e-146	520
AM_HQ_Zamanian_AM_1_10_HQ_transcript/29354	Bm_v4_ChrX_scaffold_001	100.000	152	0	0	1	152	7839438	7839287	5.24e-75	281
AM_HQ_Zamanian_AM_1_10_HQ_transcript/29436	Bm_v4_ChrX_scaffold_001	100.000	117	0	0	323	439	23107867	23107751	1.53e-55	217
AM_HQ_Zamanian_AM_1_10_HQ_transcript/29436	Bm_v4_ChrX_scaffold_001	100.000	115	0	0	209	323	23108232	23108118	1.98e-54	213
AM_HQ_Zamanian_AM_1_10_HQ_transcript/29436	Bm_v4_ChrX_scaffold_001	100.000	176	0	0	33	208	23108811	23108636	2.44e-88	326
AM_HQ_Zamanian_AM_1_10_HQ_transcript/29436	Bm_v4_ChrX_scaffold_001	100.000	32	0	0	1	32	23108981	23108950	2.73e-08	60.2
AM_HQ_Zamanian_AM_1_10_HQ_transcript/29464	Bm_v4_Chr3_scaffold_001	100.000	202	0	0	219	420	6133627	6133426	8.20e-103	374
AM_HQ_Zamanian_AM_1_10_HQ_transcript/29464	Bm_v4_Chr3_scaffold_001	100.000	218	0	0	1	218	6134372	6134155	1.05e-111	403
AM_HQ_Zamanian_AM_1_10_HQ_transcript/29581	Bm_v4_Chr3_scaffold_001	100.000	240	0	0	176	415	9887627	9887388	6.08e-124	444
AM_HQ_Zamanian_AM_1_10_HQ_transcript/29581	Bm_v4_Chr3_scaffold_001	100.000	177	0	0	1	177	9888104	9887928	6.39e-89	327
AM_HQ_Zamanian_AM_1_10_HQ_transcript/29668	Bm_v4_Chr2_contig_001	100.000	228	0	0	177	404	5683687	5683460	2.77e-117	422
AM_HQ_Zamanian_AM_1_10_HQ_transcript/29668	Bm_v4_Chr2_contig_001	100.000	179	0	0	1	179	5684835	5684657	4.80e-90	331
AM_HQ_Zamanian_AM_1_10_HQ_transcript/29698	Bm_v4_ChrX_scaffold_001	100.000	289	0	0	1	289	7821291	7821579	2.96e-151	534
AM_HQ_Zamanian_AM_1_10_HQ_transcript/29698	Bm_v4_ChrX_scaffold_001	100.000	65	0	0	290	354	7822325	7822389	9.82e-27	121
AM_HQ_Zamanian_AM_1_10_HQ_transcript/29706	Bm_v4_ChrX_scaffold_001	100.000	246	0	0	150	395	7838943	7838698	2.67e-127	455
AM_HQ_Zamanian_AM_1_10_HQ_transcript/29706	Bm_v4_ChrX_scaffold_001	100.000	152	0	0	1	152	7839438	7839287	4.79e-75	281
AM_HQ_Zamanian_AM_1_10_HQ_transcript/29728	Bm_v4_ChrX_scaffold_001	100.000	289	0	0	1	289	7821291	7821579	2.96e-151	534
AM_HQ_Zamanian_AM_1_10_HQ_transcript/29728	Bm_v4_ChrX_scaffold_001	100.000	65	0	0	290	354	7822325	7822389	9.82e-27	121
AM_HQ_Zamanian_AM_1_10_HQ_transcript/29762	Bm_v4_Chr1_scaffold_001	100.000	132	0	0	1	132	8617401	8617532	6.57e-64	244
AM_HQ_Zamanian_AM_1_10_HQ_transcript/29762	Bm_v4_Chr1_scaffold_001	100.000	280	0	0	133	412	8617915	8618194	3.51e-146	518
AM_HQ_Zamanian_AM_1_10_HQ_transcript/29762	Bm_v4_Chr1_scaffold_001	90.110	91	6	2	1	88	8618589	8618679	5.38e-25	115
AM_HQ_Zamanian_AM_1_10_HQ_transcript/29762	Bm_v4_Chr1_scaffold_001	100.000	145	0	0	133	277	8630714	8630858	3.90e-71	268
AM_HQ_Zamanian_AM_1_10_HQ_transcript/29770	Bm_v4_ChrX_scaffold_001	100.000	244	0	0	150	393	7838943	7838700	3.43e-126	451
AM_HQ_Zamanian_AM_1_10_HQ_transcript/29770	Bm_v4_ChrX_scaffold_001	100.000	152	0	0	1	152	7839438	7839287	4.76e-75	281
AM_HQ_Zamanian_AM_1_10_HQ_transcript/29818	Bm_v4_Chr2_contig_001	100.000	230	0	0	135	364	5683687	5683458	1.92e-118	425
AM_HQ_Zamanian_AM_1_10_HQ_transcript/29818	Bm_v4_Chr2_contig_001	100.000	137	0	0	1	137	5684793	5684657	9.57e-67	254
AM_HQ_Zamanian_AM_1_10_HQ_transcript/29934	Bm_v4_Chr2_contig_001	100.000	156	0	0	187	342	1207494	1207339	2.45e-77	289
AM_HQ_Zamanian_AM_1_10_HQ_transcript/29934	Bm_v4_Chr2_contig_001	100.000	75	0	0	113	187	1207794	1207720	2.61e-32	139
AM_HQ_Zamanian_AM_1_10_HQ_transcript/29934	Bm_v4_Chr2_contig_001	100.000	115	0	0	1	115	1208156	1208042	1.52e-54	213
AM_HQ_Zamanian_AM_1_10_HQ_transcript/29944	Bm_v4_Chr3_scaffold_001	100.000	53	0	0	1	53	9006353	9006405	5.09e-20	99.0
AM_HQ_Zamanian_AM_1_10_HQ_transcript/29944	Bm_v4_Chr3_scaffold_001	99.708	342	0	1	49	389	9006707	9007048	1.89e-178	625
AM_HQ_Zamanian_AM_1_10_HQ_transcript/29972	Bm_v4_Chr1_scaffold_001	100.000	201	0	0	1	201	2347799	2347999	2.37e-102	372
AM_HQ_Zamanian_AM_1_10_HQ_transcript/29972	Bm_v4_Chr1_scaffold_001	100.000	145	0	0	199	343	2348358	2348502	3.20e-71	268
AM_HQ_Zamanian_AM_1_10_HQ_transcript/29972	Bm_v4_Chr1_scaffold_001	87.879	132	14	1	2	133	7202930	7203059	9.36e-37	154
AM_HQ_Zamanian_AM_1_10_HQ_transcript/30160	Bm_v4_Chr2_contig_001	100.000	147	0	0	225	371	6704029	6703883	2.70e-72	272
AM_HQ_Zamanian_AM_1_10_HQ_transcript/30160	Bm_v4_Chr2_contig_001	100.000	225	0	0	1	225	6704441	6704217	1.18e-115	416
AM_HQ_Zamanian_AM_1_10_HQ_transcript/30224	Bm_v4_ChrX_scaffold_001	100.000	289	0	0	1	289	7821291	7821579	2.96e-151	534
AM_HQ_Zamanian_AM_1_10_HQ_transcript/30224	Bm_v4_ChrX_scaffold_001	100.000	65	0	0	290	354	7822325	7822389	9.82e-27	121
AM_HQ_Zamanian_AM_1_10_HQ_transcript/30254	Bm_v4_ChrX_scaffold_001	100.000	190	0	0	1	190	7821390	7821579	2.25e-96	351
AM_HQ_Zamanian_AM_1_10_HQ_transcript/30254	Bm_v4_ChrX_scaffold_001	100.000	65	0	0	191	255	7822325	7822389	6.90e-27	121
AM_HQ_Zamanian_AM_1_10_HQ_transcript/30371	Bm_v4_Chr1_scaffold_001	100.000	214	0	0	1	214	2347786	2347999	1.45e-109	396
AM_HQ_Zamanian_AM_1_10_HQ_transcript/30371	Bm_v4_Chr1_scaffold_001	100.000	142	0	0	212	353	2348358	2348499	1.54e-69	263
AM_HQ_Zamanian_AM_1_10_HQ_transcript/30371	Bm_v4_Chr1_scaffold_001	87.879	132	14	1	15	146	7202930	7203059	9.66e-37	154
AM_HQ_Zamanian_AM_1_10_HQ_transcript/30399	Bm_v4_ChrX_scaffold_001	100.000	250	0	0	1	250	7821330	7821579	1.25e-129	462
AM_HQ_Zamanian_AM_1_10_HQ_transcript/30399	Bm_v4_ChrX_scaffold_001	100.000	65	0	0	251	315	7822325	7822389	8.66e-27	121
AM_HQ_Zamanian_AM_1_10_HQ_transcript/30456	Bm_v4_Chr2_contig_001	100.000	154	0	0	187	340	1207494	1207341	3.15e-76	285
AM_HQ_Zamanian_AM_1_10_HQ_transcript/30456	Bm_v4_Chr2_contig_001	100.000	75	0	0	113	187	1207794	1207720	2.60e-32	139
AM_HQ_Zamanian_AM_1_10_HQ_transcript/30456	Bm_v4_Chr2_contig_001	100.000	115	0	0	1	115	1208156	1208042	1.51e-54	213
AM_HQ_Zamanian_AM_1_10_HQ_transcript/30583	Bm_v4_ChrX_scaffold_001	100.000	65	0	0	151	215	7822325	7822389	5.70e-27	121
AM_HQ_Zamanian_AM_1_10_HQ_transcript/30659	Bm_v4_Chr2_contig_001	100.000	221	0	0	135	355	5683687	5683467	1.88e-113	409
AM_HQ_Zamanian_AM_1_10_HQ_transcript/30659	Bm_v4_Chr2_contig_001	100.000	137	0	0	1	137	5684793	5684657	9.31e-67	254
AM_HQ_Zamanian_AM_1_10_HQ_transcript/30840	Bm_v4_Chr2_contig_001	100.000	186	0	0	130	315	5683687	5683502	4.72e-94	344
AM_HQ_Zamanian_AM_1_10_HQ_transcript/30840	Bm_v4_Chr2_contig_001	100.000	132	0	0	1	132	5684788	5684657	4.92e-64	244
AM_HQ_Zamanian_AM_1_10_HQ_transcript/30961	Bm_v4_ChrX_scaffold_001	100.000	226	0	0	1	226	7821354	7821579	2.52e-116	418
AM_HQ_Zamanian_AM_1_10_HQ_transcript/30961	Bm_v4_ChrX_scaffold_001	100.000	65	0	0	227	291	7822325	7822389	7.94e-27	121
AM_HQ_Zamanian_AM_1_10_HQ_transcript/30962	Bm_v4_ChrX_scaffold_001	100.000	190	0	0	1	190	7821390	7821579	2.25e-96	351
AM_HQ_Zamanian_AM_1_10_HQ_transcript/30962	Bm_v4_ChrX_scaffold_001	100.000	65	0	0	191	255	7822325	7822389	6.90e-27	121
AM_HQ_Zamanian_AM_1_10_HQ_transcript/30998	Bm_v4_ChrX_scaffold_001	100.000	65	0	0	156	220	7822325	7822389	5.85e-27	121
AM_HQ_Zamanian_AM_1_10_HQ_transcript/31014	Bm_v4_ChrX_scaffold_001	100.000	242	0	0	1	242	7821338	7821579	3.40e-125	448
AM_HQ_Zamanian_AM_1_10_HQ_transcript/31014	Bm_v4_ChrX_scaffold_001	100.000	65	0	0	243	307	7822325	7822389	8.42e-27	121
AM_HQ_Zamanian_AM_1_10_HQ_transcript/31168	Bm_v4_ChrX_scaffold_001	100.000	221	0	0	1	221	7821359	7821579	1.49e-113	409
AM_HQ_Zamanian_AM_1_10_HQ_transcript/31168	Bm_v4_ChrX_scaffold_001	100.000	65	0	0	222	286	7822325	7822389	7.79e-27	121
AM_HQ_Zamanian_AM_1_10_HQ_transcript/31205	Bm_v4_ChrX_scaffold_001	100.000	207	0	0	1	207	7821373	7821579	8.55e-106	383
AM_HQ_Zamanian_AM_1_10_HQ_transcript/31205	Bm_v4_ChrX_scaffold_001	100.000	65	0	0	208	272	7822325	7822389	7.41e-27	121
AM_HQ_Zamanian_AM_1_10_HQ_transcript/31316	Bm_v4_ChrX_scaffold_001	100.000	220	0	0	1	220	7821360	7821579	5.32e-113	407
AM_HQ_Zamanian_AM_1_10_HQ_transcript/31316	Bm_v4_ChrX_scaffold_001	100.000	65	0	0	221	285	7822325	7822389	7.76e-27	121
AM_HQ_Zamanian_AM_1_10_HQ_transcript/31416	Bm_v4_Chr3_scaffold_001	100.000	207	0	0	62	268	6133629	6133423	8.42e-106	383
AM_HQ_Zamanian_AM_1_10_HQ_transcript/31416	Bm_v4_Chr3_scaffold_001	100.000	63	0	0	1	63	6134372	6134310	9.42e-26	117
AM_HQ_Zamanian_AM_1_10_HQ_transcript/31494	Bm_v4_ChrX_scaffold_001	100.000	202	0	0	1	202	7821378	7821579	5.04e-103	374
AM_HQ_Zamanian_AM_1_10_HQ_transcript/31494	Bm_v4_ChrX_scaffold_001	100.000	65	0	0	203	267	7822325	7822389	7.26e-27	121
AM_HQ_Zamanian_AM_1_10_HQ_transcript/31608	Bm_v4_ChrX_scaffold_001	100.000	65	0	0	156	220	7822325	7822389	5.85e-27	121
AM_HQ_Zamanian_AM_1_10_HQ_transcript/31990	Bm_v4_Chr4_scaffold_001	100.000	137	0	0	68	204	1210703	1210567	5.08e-67	254
AM_HQ_Zamanian_AM_1_10_HQ_transcript/31990	Bm_v4_Chr4_scaffold_001	100.000	67	0	0	1	67	1211613	1211547	4.15e-28	124
AM_HQ_Zamanian_AM_1_10_HQ_transcript/32078	Bm_v4_Chr4_scaffold_001	100.000	137	0	0	73	209	1210703	1210567	5.22e-67	254
AM_HQ_Zamanian_AM_1_10_HQ_transcript/32078	Bm_v4_Chr4_scaffold_001	100.000	72	0	0	1	72	1211618	1211547	7.10e-31	134
AM_HQ_Zamanian_AM_1_10_HQ_transcript/7334	Bm_v4_Chr3_scaffold_001	100.000	1281	0	0	1	1281	245964	247244	0.0	2366
AM_HQ_Zamanian_AM_1_10_HQ_transcript/7334	Bm_v4_Chr3_scaffold_001	100.000	212	0	0	1278	1489	247719	247930	8.38e-108	392
AM_HQ_Zamanian_AM_1_10_HQ_transcript/7965	Bm_v4_Chr4_scaffold_001	99.920	1245	1	0	1	1245	4620655	4621899	0.0	2294
AM_HQ_Zamanian_AM_1_10_HQ_transcript/7965	Bm_v4_Chr4_scaffold_001	100.000	209	0	0	1237	1445	4622137	4622345	3.78e-106	387
AM_HQ_Zamanian_AM_1_10_HQ_transcript/8785	Bm_v4_Chr2_contig_001	100.000	84	0	0	1	84	12606512	12606595	1.11e-36	156
AM_HQ_Zamanian_AM_1_10_HQ_transcript/8785	Bm_v4_Chr2_contig_001	99.492	197	1	0	81	277	12607212	12607408	7.91e-98	359
AM_HQ_Zamanian_AM_1_10_HQ_transcript/8785	Bm_v4_Chr2_contig_001	100.000	226	0	0	278	503	12607938	12608163	1.29e-115	418
AM_HQ_Zamanian_AM_1_10_HQ_transcript/8785	Bm_v4_Chr2_contig_001	100.000	248	0	0	504	751	12609002	12609249	7.58e-128	459
AM_HQ_Zamanian_AM_1_10_HQ_transcript/8785	Bm_v4_Chr2_contig_001	100.000	294	0	0	751	1044	12610118	12610411	2.03e-153	544
AM_HQ_Zamanian_AM_1_10_HQ_transcript/8785	Bm_v4_Chr2_contig_001	100.000	346	0	0	1042	1387	12610882	12611227	0.0	640
AM_HQ_Zamanian_AM_1_10_HQ_transcript/9413	Bm_v4_ChrX_scaffold_001	98.204	167	1	1	1	167	7290547	7290711	2.89e-77	291
AM_HQ_Zamanian_AM_1_10_HQ_transcript/9413	Bm_v4_ChrX_scaffold_001	100.000	155	0	0	155	309	7290992	7291146	3.73e-76	287
AM_HQ_Zamanian_AM_1_10_HQ_transcript/9413	Bm_v4_ChrX_scaffold_001	100.000	106	0	0	310	415	7291413	7291518	6.47e-49	196
AM_HQ_Zamanian_AM_1_10_HQ_transcript/9413	Bm_v4_ChrX_scaffold_001	96.970	66	2	0	410	475	7291591	7291656	2.41e-23	111
AM_HQ_Zamanian_AM_1_10_HQ_transcript/9413	Bm_v4_ChrX_scaffold_001	100.000	201	0	0	476	676	7291773	7291973	1.00e-101	372
AM_HQ_Zamanian_AM_1_10_HQ_transcript/9413	Bm_v4_ChrX_scaffold_001	100.000	168	0	0	675	842	7292156	7292323	2.22e-83	311
AM_HQ_Zamanian_AM_1_10_HQ_transcript/9413	Bm_v4_ChrX_scaffold_001	100.000	130	0	0	840	969	7292476	7292605	2.95e-62	241
AM_HQ_Zamanian_AM_1_10_HQ_transcript/9413	Bm_v4_ChrX_scaffold_001	100.000	125	0	0	968	1092	7292675	7292799	1.77e-59	231
AM_HQ_Zamanian_AM_1_10_HQ_transcript/9413	Bm_v4_ChrX_scaffold_001	100.000	279	0	0	1090	1368	7292897	7293175	4.37e-145	516
AM_HQ_Zamanian_AM_1_10_HQ_transcript/9508	Bm_v4_Chr3_scaffold_001	100.000	429	0	0	926	1354	13094834	13094406	0.0	793
AM_HQ_Zamanian_AM_1_10_HQ_transcript/9508	Bm_v4_Chr3_scaffold_001	100.000	926	0	0	1	926	13096613	13095688	0.0	1711
AM_HQ_Zamanian_AM_1_10_HQ_transcript/9508	Bm_v4_Chr3_scaffold_001	100.000	314	0	0	1041	1354	13100350	13100663	1.51e-164	580
AM_LQ_Zamanian_AM_1_10_LQ_transcript/27754	Bm_v4_ChrX_scaffold_001	100.000	289	0	0	1	289	7821291	7821579	2.96e-151	534
AM_LQ_Zamanian_AM_1_10_LQ_transcript/27754	Bm_v4_ChrX_scaffold_001	100.000	264	0	0	1	264	7821550	7821287	1.71e-137	488
AM_LQ_Zamanian_AM_1_10_LQ_transcript/27754	Bm_v4_ChrX_scaffold_001	100.000	65	0	0	290	354	7822325	7822389	9.82e-27	121
AM_LQ_Zamanian_AM_1_10_LQ_transcript/28727	Bm_v4_ChrX_scaffold_001	100.000	300	0	0	1	300	7821280	7821579	2.35e-157	555
AM_LQ_Zamanian_AM_1_10_LQ_transcript/28727	Bm_v4_ChrX_scaffold_001	100.000	65	0	0	301	365	7822325	7822389	1.02e-26	121
